{"/home/owner/cp/asanaTaskRepeaterBackend/compiled/authTokenHandling/TokenHandler.js": {"path":"/home/owner/cp/asanaTaskRepeaterBackend/compiled/authTokenHandling/TokenHandler.js","statementMap":{"0":{"start":{"line":2,"column":16},"end":{"line":10,"column":1}},"1":{"start":{"line":3,"column":28},"end":{"line":3,"column":110}},"2":{"start":{"line":3,"column":91},"end":{"line":3,"column":106}},"3":{"start":{"line":4,"column":4},"end":{"line":9,"column":7}},"4":{"start":{"line":5,"column":36},"end":{"line":5,"column":97}},"5":{"start":{"line":5,"column":42},"end":{"line":5,"column":70}},"6":{"start":{"line":5,"column":85},"end":{"line":5,"column":95}},"7":{"start":{"line":6,"column":35},"end":{"line":6,"column":100}},"8":{"start":{"line":6,"column":41},"end":{"line":6,"column":73}},"9":{"start":{"line":6,"column":88},"end":{"line":6,"column":98}},"10":{"start":{"line":7,"column":32},"end":{"line":7,"column":116}},"11":{"start":{"line":8,"column":8},"end":{"line":8,"column":78}},"12":{"start":{"line":11,"column":18},"end":{"line":37,"column":1}},"13":{"start":{"line":12,"column":12},"end":{"line":12,"column":104}},"14":{"start":{"line":12,"column":43},"end":{"line":12,"column":68}},"15":{"start":{"line":12,"column":57},"end":{"line":12,"column":68}},"16":{"start":{"line":12,"column":69},"end":{"line":12,"column":81}},"17":{"start":{"line":13,"column":4},"end":{"line":13,"column":157}},"18":{"start":{"line":13,"column":138},"end":{"line":13,"column":150}},"19":{"start":{"line":14,"column":23},"end":{"line":14,"column":68}},"20":{"start":{"line":14,"column":45},"end":{"line":14,"column":65}},"21":{"start":{"line":16,"column":8},"end":{"line":16,"column":70}},"22":{"start":{"line":16,"column":15},"end":{"line":16,"column":70}},"23":{"start":{"line":17,"column":8},"end":{"line":34,"column":66}},"24":{"start":{"line":17,"column":18},"end":{"line":34,"column":66}},"25":{"start":{"line":18,"column":12},"end":{"line":18,"column":169}},"26":{"start":{"line":18,"column":160},"end":{"line":18,"column":169}},"27":{"start":{"line":19,"column":12},"end":{"line":19,"column":52}},"28":{"start":{"line":19,"column":26},"end":{"line":19,"column":52}},"29":{"start":{"line":20,"column":12},"end":{"line":32,"column":13}},"30":{"start":{"line":21,"column":32},"end":{"line":21,"column":39}},"31":{"start":{"line":21,"column":40},"end":{"line":21,"column":46}},"32":{"start":{"line":22,"column":24},"end":{"line":22,"column":34}},"33":{"start":{"line":22,"column":35},"end":{"line":22,"column":72}},"34":{"start":{"line":23,"column":24},"end":{"line":23,"column":34}},"35":{"start":{"line":23,"column":35},"end":{"line":23,"column":45}},"36":{"start":{"line":23,"column":46},"end":{"line":23,"column":55}},"37":{"start":{"line":23,"column":56},"end":{"line":23,"column":65}},"38":{"start":{"line":24,"column":24},"end":{"line":24,"column":41}},"39":{"start":{"line":24,"column":42},"end":{"line":24,"column":55}},"40":{"start":{"line":24,"column":56},"end":{"line":24,"column":65}},"41":{"start":{"line":26,"column":20},"end":{"line":26,"column":128}},"42":{"start":{"line":26,"column":110},"end":{"line":26,"column":116}},"43":{"start":{"line":26,"column":117},"end":{"line":26,"column":126}},"44":{"start":{"line":27,"column":20},"end":{"line":27,"column":106}},"45":{"start":{"line":27,"column":81},"end":{"line":27,"column":97}},"46":{"start":{"line":27,"column":98},"end":{"line":27,"column":104}},"47":{"start":{"line":28,"column":20},"end":{"line":28,"column":89}},"48":{"start":{"line":28,"column":57},"end":{"line":28,"column":72}},"49":{"start":{"line":28,"column":73},"end":{"line":28,"column":80}},"50":{"start":{"line":28,"column":81},"end":{"line":28,"column":87}},"51":{"start":{"line":29,"column":20},"end":{"line":29,"column":87}},"52":{"start":{"line":29,"column":47},"end":{"line":29,"column":62}},"53":{"start":{"line":29,"column":63},"end":{"line":29,"column":78}},"54":{"start":{"line":29,"column":79},"end":{"line":29,"column":85}},"55":{"start":{"line":30,"column":20},"end":{"line":30,"column":42}},"56":{"start":{"line":30,"column":30},"end":{"line":30,"column":42}},"57":{"start":{"line":31,"column":20},"end":{"line":31,"column":33}},"58":{"start":{"line":31,"column":34},"end":{"line":31,"column":43}},"59":{"start":{"line":33,"column":12},"end":{"line":33,"column":39}},"60":{"start":{"line":34,"column":22},"end":{"line":34,"column":34}},"61":{"start":{"line":34,"column":35},"end":{"line":34,"column":41}},"62":{"start":{"line":34,"column":54},"end":{"line":34,"column":64}},"63":{"start":{"line":35,"column":8},"end":{"line":35,"column":35}},"64":{"start":{"line":35,"column":23},"end":{"line":35,"column":35}},"65":{"start":{"line":35,"column":36},"end":{"line":35,"column":89}},"66":{"start":{"line":38,"column":22},"end":{"line":40,"column":1}},"67":{"start":{"line":39,"column":4},"end":{"line":39,"column":62}},"68":{"start":{"line":41,"column":0},"end":{"line":41,"column":62}},"69":{"start":{"line":42,"column":18},"end":{"line":42,"column":55}},"70":{"start":{"line":43,"column":15},"end":{"line":43,"column":49}},"71":{"start":{"line":44,"column":0},"end":{"line":44,"column":23}},"72":{"start":{"line":45,"column":0},"end":{"line":45,"column":28}},"73":{"start":{"line":46,"column":25},"end":{"line":46,"column":69}},"74":{"start":{"line":47,"column":17},"end":{"line":47,"column":46}},"75":{"start":{"line":48,"column":20},"end":{"line":48,"column":69}},"76":{"start":{"line":49,"column":26},"end":{"line":49,"column":81}},"77":{"start":{"line":50,"column":0},"end":{"line":50,"column":26}},"78":{"start":{"line":51,"column":23},"end":{"line":51,"column":67}},"79":{"start":{"line":51,"column":87},"end":{"line":51,"column":130}},"80":{"start":{"line":51,"column":154},"end":{"line":51,"column":201}},"81":{"start":{"line":51,"column":230},"end":{"line":51,"column":282}},"82":{"start":{"line":52,"column":16},"end":{"line":52,"column":76}},"83":{"start":{"line":54,"column":0},"end":{"line":57,"column":36}},"84":{"start":{"line":55,"column":4},"end":{"line":55,"column":52}},"85":{"start":{"line":56,"column":4},"end":{"line":56,"column":54}},"86":{"start":{"line":62,"column":4},"end":{"line":96,"column":7}},"87":{"start":{"line":64,"column":8},"end":{"line":95,"column":11}},"88":{"start":{"line":65,"column":12},"end":{"line":94,"column":13}},"89":{"start":{"line":67,"column":20},"end":{"line":67,"column":76}},"90":{"start":{"line":68,"column":20},"end":{"line":76,"column":22}},"91":{"start":{"line":77,"column":20},"end":{"line":77,"column":33}},"92":{"start":{"line":79,"column":20},"end":{"line":79,"column":46}},"93":{"start":{"line":80,"column":20},"end":{"line":80,"column":82}},"94":{"start":{"line":82,"column":20},"end":{"line":82,"column":41}},"95":{"start":{"line":83,"column":20},"end":{"line":83,"column":58}},"96":{"start":{"line":85,"column":20},"end":{"line":85,"column":41}},"97":{"start":{"line":86,"column":20},"end":{"line":88,"column":21}},"98":{"start":{"line":87,"column":24},"end":{"line":87,"column":52}},"99":{"start":{"line":89,"column":20},"end":{"line":89,"column":49}},"100":{"start":{"line":91,"column":20},"end":{"line":91,"column":40}},"101":{"start":{"line":92,"column":20},"end":{"line":92,"column":45}},"102":{"start":{"line":93,"column":24},"end":{"line":93,"column":46}},"103":{"start":{"line":98,"column":34},"end":{"line":216,"column":3}},"104":{"start":{"line":101,"column":8},"end":{"line":101,"column":39}},"105":{"start":{"line":102,"column":8},"end":{"line":102,"column":23}},"106":{"start":{"line":104,"column":4},"end":{"line":127,"column":6}},"107":{"start":{"line":105,"column":8},"end":{"line":126,"column":11}},"108":{"start":{"line":107,"column":12},"end":{"line":125,"column":15}},"109":{"start":{"line":108,"column":16},"end":{"line":124,"column":17}},"110":{"start":{"line":109,"column":28},"end":{"line":109,"column":89}},"111":{"start":{"line":111,"column":24},"end":{"line":111,"column":55}},"112":{"start":{"line":112,"column":24},"end":{"line":112,"column":85}},"113":{"start":{"line":114,"column":24},"end":{"line":114,"column":55}},"114":{"start":{"line":115,"column":24},"end":{"line":115,"column":85}},"115":{"start":{"line":115,"column":61},"end":{"line":115,"column":85}},"116":{"start":{"line":116,"column":24},"end":{"line":116,"column":71}},"117":{"start":{"line":118,"column":24},"end":{"line":118,"column":45}},"118":{"start":{"line":119,"column":24},"end":{"line":119,"column":91}},"119":{"start":{"line":121,"column":24},"end":{"line":121,"column":34}},"120":{"start":{"line":122,"column":24},"end":{"line":122,"column":56}},"121":{"start":{"line":123,"column":28},"end":{"line":123,"column":70}},"122":{"start":{"line":131,"column":4},"end":{"line":175,"column":6}},"123":{"start":{"line":132,"column":8},"end":{"line":174,"column":11}},"124":{"start":{"line":134,"column":12},"end":{"line":173,"column":15}},"125":{"start":{"line":135,"column":16},"end":{"line":172,"column":17}},"126":{"start":{"line":136,"column":28},"end":{"line":136,"column":90}},"127":{"start":{"line":138,"column":24},"end":{"line":138,"column":60}},"128":{"start":{"line":139,"column":24},"end":{"line":139,"column":86}},"129":{"start":{"line":140,"column":24},"end":{"line":148,"column":27}},"130":{"start":{"line":149,"column":24},"end":{"line":156,"column":26}},"131":{"start":{"line":157,"column":24},"end":{"line":157,"column":37}},"132":{"start":{"line":159,"column":24},"end":{"line":159,"column":50}},"133":{"start":{"line":160,"column":24},"end":{"line":160,"column":96}},"134":{"start":{"line":162,"column":24},"end":{"line":162,"column":45}},"135":{"start":{"line":163,"column":24},"end":{"line":163,"column":62}},"136":{"start":{"line":165,"column":24},"end":{"line":165,"column":46}},"137":{"start":{"line":166,"column":24},"end":{"line":166,"column":62}},"138":{"start":{"line":167,"column":24},"end":{"line":167,"column":60}},"139":{"start":{"line":169,"column":24},"end":{"line":169,"column":44}},"140":{"start":{"line":170,"column":24},"end":{"line":170,"column":49}},"141":{"start":{"line":171,"column":28},"end":{"line":171,"column":50}},"142":{"start":{"line":176,"column":4},"end":{"line":191,"column":6}},"143":{"start":{"line":177,"column":8},"end":{"line":190,"column":11}},"144":{"start":{"line":179,"column":12},"end":{"line":189,"column":15}},"145":{"start":{"line":180,"column":16},"end":{"line":188,"column":17}},"146":{"start":{"line":182,"column":24},"end":{"line":182,"column":71}},"147":{"start":{"line":183,"column":24},"end":{"line":183,"column":111}},"148":{"start":{"line":184,"column":24},"end":{"line":184,"column":128}},"149":{"start":{"line":186,"column":24},"end":{"line":186,"column":34}},"150":{"start":{"line":187,"column":24},"end":{"line":187,"column":62}},"151":{"start":{"line":192,"column":4},"end":{"line":214,"column":6}},"152":{"start":{"line":193,"column":8},"end":{"line":213,"column":11}},"153":{"start":{"line":195,"column":12},"end":{"line":212,"column":15}},"154":{"start":{"line":196,"column":16},"end":{"line":211,"column":17}},"155":{"start":{"line":198,"column":24},"end":{"line":198,"column":104}},"156":{"start":{"line":199,"column":24},"end":{"line":199,"column":37}},"157":{"start":{"line":201,"column":24},"end":{"line":201,"column":50}},"158":{"start":{"line":202,"column":24},"end":{"line":202,"column":166}},"159":{"start":{"line":202,"column":131},"end":{"line":202,"column":161}},"160":{"start":{"line":204,"column":24},"end":{"line":204,"column":51}},"161":{"start":{"line":205,"column":24},"end":{"line":205,"column":75}},"162":{"start":{"line":206,"column":24},"end":{"line":206,"column":62}},"163":{"start":{"line":208,"column":24},"end":{"line":208,"column":44}},"164":{"start":{"line":209,"column":24},"end":{"line":209,"column":49}},"165":{"start":{"line":210,"column":28},"end":{"line":210,"column":50}},"166":{"start":{"line":215,"column":4},"end":{"line":215,"column":24}},"167":{"start":{"line":217,"column":0},"end":{"line":217,"column":31}}},"fnMap":{"0":{"name":"(anonymous_0)","decl":{"start":{"line":2,"column":44},"end":{"line":2,"column":45}},"loc":{"start":{"line":2,"column":89},"end":{"line":10,"column":1}},"line":2},"1":{"name":"adopt","decl":{"start":{"line":3,"column":13},"end":{"line":3,"column":18}},"loc":{"start":{"line":3,"column":26},"end":{"line":3,"column":112}},"line":3},"2":{"name":"(anonymous_2)","decl":{"start":{"line":3,"column":70},"end":{"line":3,"column":71}},"loc":{"start":{"line":3,"column":89},"end":{"line":3,"column":108}},"line":3},"3":{"name":"(anonymous_3)","decl":{"start":{"line":4,"column":36},"end":{"line":4,"column":37}},"loc":{"start":{"line":4,"column":63},"end":{"line":9,"column":5}},"line":4},"4":{"name":"fulfilled","decl":{"start":{"line":5,"column":17},"end":{"line":5,"column":26}},"loc":{"start":{"line":5,"column":34},"end":{"line":5,"column":99}},"line":5},"5":{"name":"rejected","decl":{"start":{"line":6,"column":17},"end":{"line":6,"column":25}},"loc":{"start":{"line":6,"column":33},"end":{"line":6,"column":102}},"line":6},"6":{"name":"step","decl":{"start":{"line":7,"column":17},"end":{"line":7,"column":21}},"loc":{"start":{"line":7,"column":30},"end":{"line":7,"column":118}},"line":7},"7":{"name":"(anonymous_7)","decl":{"start":{"line":11,"column":48},"end":{"line":11,"column":49}},"loc":{"start":{"line":11,"column":73},"end":{"line":37,"column":1}},"line":11},"8":{"name":"(anonymous_8)","decl":{"start":{"line":12,"column":30},"end":{"line":12,"column":31}},"loc":{"start":{"line":12,"column":41},"end":{"line":12,"column":83}},"line":12},"9":{"name":"(anonymous_9)","decl":{"start":{"line":13,"column":125},"end":{"line":13,"column":126}},"loc":{"start":{"line":13,"column":136},"end":{"line":13,"column":152}},"line":13},"10":{"name":"verb","decl":{"start":{"line":14,"column":13},"end":{"line":14,"column":17}},"loc":{"start":{"line":14,"column":21},"end":{"line":14,"column":70}},"line":14},"11":{"name":"(anonymous_11)","decl":{"start":{"line":14,"column":30},"end":{"line":14,"column":31}},"loc":{"start":{"line":14,"column":43},"end":{"line":14,"column":67}},"line":14},"12":{"name":"step","decl":{"start":{"line":15,"column":13},"end":{"line":15,"column":17}},"loc":{"start":{"line":15,"column":22},"end":{"line":36,"column":5}},"line":15},"13":{"name":"(anonymous_13)","decl":{"start":{"line":38,"column":56},"end":{"line":38,"column":57}},"loc":{"start":{"line":38,"column":71},"end":{"line":40,"column":1}},"line":38},"14":{"name":"(anonymous_14)","decl":{"start":{"line":54,"column":1},"end":{"line":54,"column":2}},"loc":{"start":{"line":54,"column":23},"end":{"line":57,"column":1}},"line":54},"15":{"name":"accessTokenIsValid","decl":{"start":{"line":61,"column":9},"end":{"line":61,"column":27}},"loc":{"start":{"line":61,"column":42},"end":{"line":97,"column":1}},"line":61},"16":{"name":"(anonymous_16)","decl":{"start":{"line":62,"column":43},"end":{"line":62,"column":44}},"loc":{"start":{"line":62,"column":55},"end":{"line":96,"column":5}},"line":62},"17":{"name":"(anonymous_17)","decl":{"start":{"line":64,"column":33},"end":{"line":64,"column":34}},"loc":{"start":{"line":64,"column":47},"end":{"line":95,"column":9}},"line":64},"18":{"name":"(anonymous_18)","decl":{"start":{"line":98,"column":34},"end":{"line":98,"column":35}},"loc":{"start":{"line":98,"column":46},"end":{"line":216,"column":1}},"line":98},"19":{"name":"TokenHandler","decl":{"start":{"line":100,"column":13},"end":{"line":100,"column":25}},"loc":{"start":{"line":100,"column":44},"end":{"line":103,"column":5}},"line":100},"20":{"name":"(anonymous_20)","decl":{"start":{"line":104,"column":47},"end":{"line":104,"column":48}},"loc":{"start":{"line":104,"column":59},"end":{"line":127,"column":5}},"line":104},"21":{"name":"(anonymous_21)","decl":{"start":{"line":105,"column":47},"end":{"line":105,"column":48}},"loc":{"start":{"line":105,"column":59},"end":{"line":126,"column":9}},"line":105},"22":{"name":"(anonymous_22)","decl":{"start":{"line":107,"column":37},"end":{"line":107,"column":38}},"loc":{"start":{"line":107,"column":51},"end":{"line":125,"column":13}},"line":107},"23":{"name":"(anonymous_23)","decl":{"start":{"line":131,"column":47},"end":{"line":131,"column":48}},"loc":{"start":{"line":131,"column":59},"end":{"line":175,"column":5}},"line":131},"24":{"name":"(anonymous_24)","decl":{"start":{"line":132,"column":47},"end":{"line":132,"column":48}},"loc":{"start":{"line":132,"column":59},"end":{"line":174,"column":9}},"line":132},"25":{"name":"(anonymous_25)","decl":{"start":{"line":134,"column":37},"end":{"line":134,"column":38}},"loc":{"start":{"line":134,"column":51},"end":{"line":173,"column":13}},"line":134},"26":{"name":"(anonymous_26)","decl":{"start":{"line":176,"column":40},"end":{"line":176,"column":41}},"loc":{"start":{"line":176,"column":73},"end":{"line":191,"column":5}},"line":176},"27":{"name":"(anonymous_27)","decl":{"start":{"line":177,"column":47},"end":{"line":177,"column":48}},"loc":{"start":{"line":177,"column":59},"end":{"line":190,"column":9}},"line":177},"28":{"name":"(anonymous_28)","decl":{"start":{"line":179,"column":37},"end":{"line":179,"column":38}},"loc":{"start":{"line":179,"column":51},"end":{"line":189,"column":13}},"line":179},"29":{"name":"(anonymous_29)","decl":{"start":{"line":192,"column":44},"end":{"line":192,"column":45}},"loc":{"start":{"line":192,"column":65},"end":{"line":214,"column":5}},"line":192},"30":{"name":"(anonymous_30)","decl":{"start":{"line":193,"column":47},"end":{"line":193,"column":48}},"loc":{"start":{"line":193,"column":59},"end":{"line":213,"column":9}},"line":193},"31":{"name":"(anonymous_31)","decl":{"start":{"line":195,"column":37},"end":{"line":195,"column":38}},"loc":{"start":{"line":195,"column":51},"end":{"line":212,"column":13}},"line":195},"32":{"name":"(anonymous_32)","decl":{"start":{"line":202,"column":106},"end":{"line":202,"column":107}},"loc":{"start":{"line":202,"column":129},"end":{"line":202,"column":163}},"line":202}},"branchMap":{"0":{"loc":{"start":{"line":2,"column":16},"end":{"line":10,"column":1}},"type":"binary-expr","locations":[{"start":{"line":2,"column":17},"end":{"line":2,"column":21}},{"start":{"line":2,"column":25},"end":{"line":2,"column":39}},{"start":{"line":2,"column":44},"end":{"line":10,"column":1}}],"line":2},"1":{"loc":{"start":{"line":3,"column":35},"end":{"line":3,"column":109}},"type":"cond-expr","locations":[{"start":{"line":3,"column":56},"end":{"line":3,"column":61}},{"start":{"line":3,"column":64},"end":{"line":3,"column":109}}],"line":3},"2":{"loc":{"start":{"line":4,"column":16},"end":{"line":4,"column":34}},"type":"binary-expr","locations":[{"start":{"line":4,"column":16},"end":{"line":4,"column":17}},{"start":{"line":4,"column":22},"end":{"line":4,"column":33}}],"line":4},"3":{"loc":{"start":{"line":7,"column":32},"end":{"line":7,"column":115}},"type":"cond-expr","locations":[{"start":{"line":7,"column":46},"end":{"line":7,"column":67}},{"start":{"line":7,"column":70},"end":{"line":7,"column":115}}],"line":7},"4":{"loc":{"start":{"line":8,"column":51},"end":{"line":8,"column":67}},"type":"binary-expr","locations":[{"start":{"line":8,"column":51},"end":{"line":8,"column":61}},{"start":{"line":8,"column":65},"end":{"line":8,"column":67}}],"line":8},"5":{"loc":{"start":{"line":11,"column":18},"end":{"line":37,"column":1}},"type":"binary-expr","locations":[{"start":{"line":11,"column":19},"end":{"line":11,"column":23}},{"start":{"line":11,"column":27},"end":{"line":11,"column":43}},{"start":{"line":11,"column":48},"end":{"line":37,"column":1}}],"line":11},"6":{"loc":{"start":{"line":12,"column":43},"end":{"line":12,"column":68}},"type":"if","locations":[{"start":{"line":12,"column":43},"end":{"line":12,"column":68}},{"start":{"line":12,"column":43},"end":{"line":12,"column":68}}],"line":12},"7":{"loc":{"start":{"line":13,"column":71},"end":{"line":13,"column":153}},"type":"binary-expr","locations":[{"start":{"line":13,"column":71},"end":{"line":13,"column":99}},{"start":{"line":13,"column":104},"end":{"line":13,"column":152}}],"line":13},"8":{"loc":{"start":{"line":16,"column":8},"end":{"line":16,"column":70}},"type":"if","locations":[{"start":{"line":16,"column":8},"end":{"line":16,"column":70}},{"start":{"line":16,"column":8},"end":{"line":16,"column":70}}],"line":16},"9":{"loc":{"start":{"line":18,"column":12},"end":{"line":18,"column":169}},"type":"if","locations":[{"start":{"line":18,"column":12},"end":{"line":18,"column":169}},{"start":{"line":18,"column":12},"end":{"line":18,"column":169}}],"line":18},"10":{"loc":{"start":{"line":18,"column":23},"end":{"line":18,"column":158}},"type":"binary-expr","locations":[{"start":{"line":18,"column":23},"end":{"line":18,"column":24}},{"start":{"line":18,"column":29},"end":{"line":18,"column":125}},{"start":{"line":18,"column":130},"end":{"line":18,"column":158}}],"line":18},"11":{"loc":{"start":{"line":18,"column":33},"end":{"line":18,"column":125}},"type":"cond-expr","locations":[{"start":{"line":18,"column":45},"end":{"line":18,"column":56}},{"start":{"line":18,"column":59},"end":{"line":18,"column":125}}],"line":18},"12":{"loc":{"start":{"line":18,"column":59},"end":{"line":18,"column":125}},"type":"cond-expr","locations":[{"start":{"line":18,"column":67},"end":{"line":18,"column":116}},{"start":{"line":18,"column":119},"end":{"line":18,"column":125}}],"line":18},"13":{"loc":{"start":{"line":18,"column":67},"end":{"line":18,"column":116}},"type":"binary-expr","locations":[{"start":{"line":18,"column":67},"end":{"line":18,"column":77}},{"start":{"line":18,"column":82},"end":{"line":18,"column":115}}],"line":18},"14":{"loc":{"start":{"line":18,"column":82},"end":{"line":18,"column":112}},"type":"binary-expr","locations":[{"start":{"line":18,"column":83},"end":{"line":18,"column":98}},{"start":{"line":18,"column":103},"end":{"line":18,"column":112}}],"line":18},"15":{"loc":{"start":{"line":19,"column":12},"end":{"line":19,"column":52}},"type":"if","locations":[{"start":{"line":19,"column":12},"end":{"line":19,"column":52}},{"start":{"line":19,"column":12},"end":{"line":19,"column":52}}],"line":19},"16":{"loc":{"start":{"line":20,"column":12},"end":{"line":32,"column":13}},"type":"switch","locations":[{"start":{"line":21,"column":16},"end":{"line":21,"column":23}},{"start":{"line":21,"column":24},"end":{"line":21,"column":46}},{"start":{"line":22,"column":16},"end":{"line":22,"column":72}},{"start":{"line":23,"column":16},"end":{"line":23,"column":65}},{"start":{"line":24,"column":16},"end":{"line":24,"column":65}},{"start":{"line":25,"column":16},"end":{"line":31,"column":43}}],"line":20},"17":{"loc":{"start":{"line":26,"column":20},"end":{"line":26,"column":128}},"type":"if","locations":[{"start":{"line":26,"column":20},"end":{"line":26,"column":128}},{"start":{"line":26,"column":20},"end":{"line":26,"column":128}}],"line":26},"18":{"loc":{"start":{"line":26,"column":24},"end":{"line":26,"column":106}},"type":"binary-expr","locations":[{"start":{"line":26,"column":24},"end":{"line":26,"column":74}},{"start":{"line":26,"column":79},"end":{"line":26,"column":90}},{"start":{"line":26,"column":94},"end":{"line":26,"column":105}}],"line":26},"19":{"loc":{"start":{"line":26,"column":42},"end":{"line":26,"column":73}},"type":"binary-expr","locations":[{"start":{"line":26,"column":42},"end":{"line":26,"column":54}},{"start":{"line":26,"column":58},"end":{"line":26,"column":73}}],"line":26},"20":{"loc":{"start":{"line":27,"column":20},"end":{"line":27,"column":106}},"type":"if","locations":[{"start":{"line":27,"column":20},"end":{"line":27,"column":106}},{"start":{"line":27,"column":20},"end":{"line":27,"column":106}}],"line":27},"21":{"loc":{"start":{"line":27,"column":24},"end":{"line":27,"column":77}},"type":"binary-expr","locations":[{"start":{"line":27,"column":24},"end":{"line":27,"column":35}},{"start":{"line":27,"column":40},"end":{"line":27,"column":42}},{"start":{"line":27,"column":47},"end":{"line":27,"column":59}},{"start":{"line":27,"column":63},"end":{"line":27,"column":75}}],"line":27},"22":{"loc":{"start":{"line":28,"column":20},"end":{"line":28,"column":89}},"type":"if","locations":[{"start":{"line":28,"column":20},"end":{"line":28,"column":89}},{"start":{"line":28,"column":20},"end":{"line":28,"column":89}}],"line":28},"23":{"loc":{"start":{"line":28,"column":24},"end":{"line":28,"column":53}},"type":"binary-expr","locations":[{"start":{"line":28,"column":24},"end":{"line":28,"column":35}},{"start":{"line":28,"column":39},"end":{"line":28,"column":53}}],"line":28},"24":{"loc":{"start":{"line":29,"column":20},"end":{"line":29,"column":87}},"type":"if","locations":[{"start":{"line":29,"column":20},"end":{"line":29,"column":87}},{"start":{"line":29,"column":20},"end":{"line":29,"column":87}}],"line":29},"25":{"loc":{"start":{"line":29,"column":24},"end":{"line":29,"column":43}},"type":"binary-expr","locations":[{"start":{"line":29,"column":24},"end":{"line":29,"column":25}},{"start":{"line":29,"column":29},"end":{"line":29,"column":43}}],"line":29},"26":{"loc":{"start":{"line":30,"column":20},"end":{"line":30,"column":42}},"type":"if","locations":[{"start":{"line":30,"column":20},"end":{"line":30,"column":42}},{"start":{"line":30,"column":20},"end":{"line":30,"column":42}}],"line":30},"27":{"loc":{"start":{"line":35,"column":8},"end":{"line":35,"column":35}},"type":"if","locations":[{"start":{"line":35,"column":8},"end":{"line":35,"column":35}},{"start":{"line":35,"column":8},"end":{"line":35,"column":35}}],"line":35},"28":{"loc":{"start":{"line":35,"column":52},"end":{"line":35,"column":74}},"type":"cond-expr","locations":[{"start":{"line":35,"column":60},"end":{"line":35,"column":65}},{"start":{"line":35,"column":68},"end":{"line":35,"column":74}}],"line":35},"29":{"loc":{"start":{"line":38,"column":22},"end":{"line":40,"column":1}},"type":"binary-expr","locations":[{"start":{"line":38,"column":23},"end":{"line":38,"column":27}},{"start":{"line":38,"column":31},"end":{"line":38,"column":51}},{"start":{"line":38,"column":56},"end":{"line":40,"column":1}}],"line":38},"30":{"loc":{"start":{"line":39,"column":11},"end":{"line":39,"column":61}},"type":"cond-expr","locations":[{"start":{"line":39,"column":37},"end":{"line":39,"column":40}},{"start":{"line":39,"column":43},"end":{"line":39,"column":61}}],"line":39},"31":{"loc":{"start":{"line":39,"column":12},"end":{"line":39,"column":33}},"type":"binary-expr","locations":[{"start":{"line":39,"column":12},"end":{"line":39,"column":15}},{"start":{"line":39,"column":19},"end":{"line":39,"column":33}}],"line":39},"32":{"loc":{"start":{"line":57,"column":3},"end":{"line":57,"column":34}},"type":"binary-expr","locations":[{"start":{"line":57,"column":3},"end":{"line":57,"column":13}},{"start":{"line":57,"column":18},"end":{"line":57,"column":33}}],"line":57},"33":{"loc":{"start":{"line":65,"column":12},"end":{"line":94,"column":13}},"type":"switch","locations":[{"start":{"line":66,"column":16},"end":{"line":77,"column":33}},{"start":{"line":78,"column":16},"end":{"line":80,"column":82}},{"start":{"line":81,"column":16},"end":{"line":83,"column":58}},{"start":{"line":84,"column":16},"end":{"line":89,"column":49}},{"start":{"line":90,"column":16},"end":{"line":92,"column":45}},{"start":{"line":93,"column":16},"end":{"line":93,"column":46}}],"line":65},"34":{"loc":{"start":{"line":86,"column":20},"end":{"line":88,"column":21}},"type":"if","locations":[{"start":{"line":86,"column":20},"end":{"line":88,"column":21}},{"start":{"line":86,"column":20},"end":{"line":88,"column":21}}],"line":86},"35":{"loc":{"start":{"line":108,"column":16},"end":{"line":124,"column":17}},"type":"switch","locations":[{"start":{"line":109,"column":20},"end":{"line":109,"column":89}},{"start":{"line":110,"column":20},"end":{"line":112,"column":85}},{"start":{"line":113,"column":20},"end":{"line":116,"column":71}},{"start":{"line":117,"column":20},"end":{"line":119,"column":91}},{"start":{"line":120,"column":20},"end":{"line":122,"column":56}},{"start":{"line":123,"column":20},"end":{"line":123,"column":70}}],"line":108},"36":{"loc":{"start":{"line":115,"column":24},"end":{"line":115,"column":85}},"type":"if","locations":[{"start":{"line":115,"column":24},"end":{"line":115,"column":85}},{"start":{"line":115,"column":24},"end":{"line":115,"column":85}}],"line":115},"37":{"loc":{"start":{"line":135,"column":16},"end":{"line":172,"column":17}},"type":"switch","locations":[{"start":{"line":136,"column":20},"end":{"line":136,"column":90}},{"start":{"line":137,"column":20},"end":{"line":157,"column":37}},{"start":{"line":158,"column":20},"end":{"line":160,"column":96}},{"start":{"line":161,"column":20},"end":{"line":163,"column":62}},{"start":{"line":164,"column":20},"end":{"line":167,"column":60}},{"start":{"line":168,"column":20},"end":{"line":170,"column":49}},{"start":{"line":171,"column":20},"end":{"line":171,"column":50}}],"line":135},"38":{"loc":{"start":{"line":180,"column":16},"end":{"line":188,"column":17}},"type":"switch","locations":[{"start":{"line":181,"column":20},"end":{"line":184,"column":128}},{"start":{"line":185,"column":20},"end":{"line":187,"column":62}}],"line":180},"39":{"loc":{"start":{"line":196,"column":16},"end":{"line":211,"column":17}},"type":"switch","locations":[{"start":{"line":197,"column":20},"end":{"line":199,"column":37}},{"start":{"line":200,"column":20},"end":{"line":202,"column":166}},{"start":{"line":203,"column":20},"end":{"line":206,"column":62}},{"start":{"line":207,"column":20},"end":{"line":209,"column":49}},{"start":{"line":210,"column":20},"end":{"line":210,"column":50}}],"line":196}},"s":{"0":1,"1":0,"2":0,"3":0,"4":0,"5":0,"6":0,"7":0,"8":0,"9":0,"10":0,"11":0,"12":1,"13":0,"14":0,"15":0,"16":0,"17":0,"18":0,"19":0,"20":0,"21":0,"22":0,"23":0,"24":0,"25":0,"26":0,"27":0,"28":0,"29":0,"30":0,"31":0,"32":0,"33":0,"34":0,"35":0,"36":0,"37":0,"38":0,"39":0,"40":0,"41":0,"42":0,"43":0,"44":0,"45":0,"46":0,"47":0,"48":0,"49":0,"50":0,"51":0,"52":0,"53":0,"54":0,"55":0,"56":0,"57":0,"58":0,"59":0,"60":0,"61":0,"62":0,"63":0,"64":0,"65":0,"66":1,"67":5,"68":1,"69":1,"70":1,"71":1,"72":1,"73":1,"74":1,"75":1,"76":1,"77":1,"78":1,"79":1,"80":1,"81":1,"82":1,"83":1,"84":1,"85":1,"86":0,"87":0,"88":0,"89":0,"90":0,"91":0,"92":0,"93":0,"94":0,"95":0,"96":0,"97":0,"98":0,"99":0,"100":0,"101":0,"102":0,"103":1,"104":0,"105":0,"106":1,"107":0,"108":0,"109":0,"110":0,"111":0,"112":0,"113":0,"114":0,"115":0,"116":0,"117":0,"118":0,"119":0,"120":0,"121":0,"122":1,"123":0,"124":0,"125":0,"126":0,"127":0,"128":0,"129":0,"130":0,"131":0,"132":0,"133":0,"134":0,"135":0,"136":0,"137":0,"138":0,"139":0,"140":0,"141":0,"142":1,"143":0,"144":0,"145":0,"146":0,"147":0,"148":0,"149":0,"150":0,"151":1,"152":0,"153":0,"154":0,"155":0,"156":0,"157":0,"158":0,"159":0,"160":0,"161":0,"162":0,"163":0,"164":0,"165":0,"166":1,"167":1},"f":{"0":0,"1":0,"2":0,"3":0,"4":0,"5":0,"6":0,"7":0,"8":0,"9":0,"10":0,"11":0,"12":0,"13":5,"14":1,"15":0,"16":0,"17":0,"18":1,"19":0,"20":0,"21":0,"22":0,"23":0,"24":0,"25":0,"26":0,"27":0,"28":0,"29":0,"30":0,"31":0,"32":0},"b":{"0":[1,1,1],"1":[0,0],"2":[0,0],"3":[0,0],"4":[0,0],"5":[1,1,1],"6":[0,0],"7":[0,0],"8":[0,0],"9":[0,0],"10":[0,0,0],"11":[0,0],"12":[0,0],"13":[0,0],"14":[0,0],"15":[0,0],"16":[0,0,0,0,0,0],"17":[0,0],"18":[0,0,0],"19":[0,0],"20":[0,0],"21":[0,0,0,0],"22":[0,0],"23":[0,0],"24":[0,0],"25":[0,0],"26":[0,0],"27":[0,0],"28":[0,0],"29":[1,1,1],"30":[2,3],"31":[5,5],"32":[1,1],"33":[0,0,0,0,0,0],"34":[0,0],"35":[0,0,0,0,0,0],"36":[0,0],"37":[0,0,0,0,0,0,0],"38":[0,0],"39":[0,0,0,0,0]},"inputSourceMap":null,"_coverageSchema":"1a1c01bbd47fc00a2c39e90264f33305004495a9","hash":"0a55d6c28fbfac03a8bbe0d886214b2831464c01"}
,"/home/owner/cp/asanaTaskRepeaterBackend/compiled/cronjobs/duplicateTasksForAll.js": {"path":"/home/owner/cp/asanaTaskRepeaterBackend/compiled/cronjobs/duplicateTasksForAll.js","statementMap":{"0":{"start":{"line":2,"column":16},"end":{"line":10,"column":1}},"1":{"start":{"line":3,"column":28},"end":{"line":3,"column":110}},"2":{"start":{"line":3,"column":91},"end":{"line":3,"column":106}},"3":{"start":{"line":4,"column":4},"end":{"line":9,"column":7}},"4":{"start":{"line":5,"column":36},"end":{"line":5,"column":97}},"5":{"start":{"line":5,"column":42},"end":{"line":5,"column":70}},"6":{"start":{"line":5,"column":85},"end":{"line":5,"column":95}},"7":{"start":{"line":6,"column":35},"end":{"line":6,"column":100}},"8":{"start":{"line":6,"column":41},"end":{"line":6,"column":73}},"9":{"start":{"line":6,"column":88},"end":{"line":6,"column":98}},"10":{"start":{"line":7,"column":32},"end":{"line":7,"column":116}},"11":{"start":{"line":8,"column":8},"end":{"line":8,"column":78}},"12":{"start":{"line":11,"column":18},"end":{"line":37,"column":1}},"13":{"start":{"line":12,"column":12},"end":{"line":12,"column":104}},"14":{"start":{"line":12,"column":43},"end":{"line":12,"column":68}},"15":{"start":{"line":12,"column":57},"end":{"line":12,"column":68}},"16":{"start":{"line":12,"column":69},"end":{"line":12,"column":81}},"17":{"start":{"line":13,"column":4},"end":{"line":13,"column":157}},"18":{"start":{"line":13,"column":138},"end":{"line":13,"column":150}},"19":{"start":{"line":14,"column":23},"end":{"line":14,"column":68}},"20":{"start":{"line":14,"column":45},"end":{"line":14,"column":65}},"21":{"start":{"line":16,"column":8},"end":{"line":16,"column":70}},"22":{"start":{"line":16,"column":15},"end":{"line":16,"column":70}},"23":{"start":{"line":17,"column":8},"end":{"line":34,"column":66}},"24":{"start":{"line":17,"column":18},"end":{"line":34,"column":66}},"25":{"start":{"line":18,"column":12},"end":{"line":18,"column":169}},"26":{"start":{"line":18,"column":160},"end":{"line":18,"column":169}},"27":{"start":{"line":19,"column":12},"end":{"line":19,"column":52}},"28":{"start":{"line":19,"column":26},"end":{"line":19,"column":52}},"29":{"start":{"line":20,"column":12},"end":{"line":32,"column":13}},"30":{"start":{"line":21,"column":32},"end":{"line":21,"column":39}},"31":{"start":{"line":21,"column":40},"end":{"line":21,"column":46}},"32":{"start":{"line":22,"column":24},"end":{"line":22,"column":34}},"33":{"start":{"line":22,"column":35},"end":{"line":22,"column":72}},"34":{"start":{"line":23,"column":24},"end":{"line":23,"column":34}},"35":{"start":{"line":23,"column":35},"end":{"line":23,"column":45}},"36":{"start":{"line":23,"column":46},"end":{"line":23,"column":55}},"37":{"start":{"line":23,"column":56},"end":{"line":23,"column":65}},"38":{"start":{"line":24,"column":24},"end":{"line":24,"column":41}},"39":{"start":{"line":24,"column":42},"end":{"line":24,"column":55}},"40":{"start":{"line":24,"column":56},"end":{"line":24,"column":65}},"41":{"start":{"line":26,"column":20},"end":{"line":26,"column":128}},"42":{"start":{"line":26,"column":110},"end":{"line":26,"column":116}},"43":{"start":{"line":26,"column":117},"end":{"line":26,"column":126}},"44":{"start":{"line":27,"column":20},"end":{"line":27,"column":106}},"45":{"start":{"line":27,"column":81},"end":{"line":27,"column":97}},"46":{"start":{"line":27,"column":98},"end":{"line":27,"column":104}},"47":{"start":{"line":28,"column":20},"end":{"line":28,"column":89}},"48":{"start":{"line":28,"column":57},"end":{"line":28,"column":72}},"49":{"start":{"line":28,"column":73},"end":{"line":28,"column":80}},"50":{"start":{"line":28,"column":81},"end":{"line":28,"column":87}},"51":{"start":{"line":29,"column":20},"end":{"line":29,"column":87}},"52":{"start":{"line":29,"column":47},"end":{"line":29,"column":62}},"53":{"start":{"line":29,"column":63},"end":{"line":29,"column":78}},"54":{"start":{"line":29,"column":79},"end":{"line":29,"column":85}},"55":{"start":{"line":30,"column":20},"end":{"line":30,"column":42}},"56":{"start":{"line":30,"column":30},"end":{"line":30,"column":42}},"57":{"start":{"line":31,"column":20},"end":{"line":31,"column":33}},"58":{"start":{"line":31,"column":34},"end":{"line":31,"column":43}},"59":{"start":{"line":33,"column":12},"end":{"line":33,"column":39}},"60":{"start":{"line":34,"column":22},"end":{"line":34,"column":34}},"61":{"start":{"line":34,"column":35},"end":{"line":34,"column":41}},"62":{"start":{"line":34,"column":54},"end":{"line":34,"column":64}},"63":{"start":{"line":35,"column":8},"end":{"line":35,"column":35}},"64":{"start":{"line":35,"column":23},"end":{"line":35,"column":35}},"65":{"start":{"line":35,"column":36},"end":{"line":35,"column":89}},"66":{"start":{"line":38,"column":22},"end":{"line":40,"column":1}},"67":{"start":{"line":39,"column":4},"end":{"line":39,"column":62}},"68":{"start":{"line":41,"column":0},"end":{"line":41,"column":62}},"69":{"start":{"line":42,"column":0},"end":{"line":42,"column":35}},"70":{"start":{"line":43,"column":18},"end":{"line":43,"column":55}},"71":{"start":{"line":44,"column":17},"end":{"line":44,"column":46}},"72":{"start":{"line":45,"column":16},"end":{"line":45,"column":44}},"73":{"start":{"line":46,"column":21},"end":{"line":46,"column":82}},"74":{"start":{"line":49,"column":4},"end":{"line":101,"column":7}},"75":{"start":{"line":51,"column":20},"end":{"line":51,"column":24}},"76":{"start":{"line":52,"column":8},"end":{"line":100,"column":11}},"77":{"start":{"line":53,"column":12},"end":{"line":99,"column":13}},"78":{"start":{"line":55,"column":20},"end":{"line":55,"column":46}},"79":{"start":{"line":56,"column":20},"end":{"line":56,"column":72}},"80":{"start":{"line":58,"column":20},"end":{"line":58,"column":51}},"81":{"start":{"line":59,"column":20},"end":{"line":93,"column":27}},"82":{"start":{"line":59,"column":76},"end":{"line":93,"column":23}},"83":{"start":{"line":62,"column":36},"end":{"line":62,"column":40}},"84":{"start":{"line":63,"column":24},"end":{"line":92,"column":27}},"85":{"start":{"line":64,"column":28},"end":{"line":91,"column":29}},"86":{"start":{"line":66,"column":36},"end":{"line":66,"column":115}},"87":{"start":{"line":67,"column":36},"end":{"line":67,"column":77}},"88":{"start":{"line":69,"column":36},"end":{"line":69,"column":60}},"89":{"start":{"line":70,"column":36},"end":{"line":73,"column":39}},"90":{"start":{"line":71,"column":58},"end":{"line":71,"column":72}},"91":{"start":{"line":72,"column":40},"end":{"line":72,"column":59}},"92":{"start":{"line":74,"column":36},"end":{"line":74,"column":91}},"93":{"start":{"line":75,"column":36},"end":{"line":75,"column":91}},"94":{"start":{"line":77,"column":36},"end":{"line":77,"column":68}},"95":{"start":{"line":78,"column":36},"end":{"line":85,"column":43}},"96":{"start":{"line":78,"column":96},"end":{"line":85,"column":39}},"97":{"start":{"line":79,"column":40},"end":{"line":84,"column":43}},"98":{"start":{"line":80,"column":44},"end":{"line":83,"column":45}},"99":{"start":{"line":81,"column":56},"end":{"line":81,"column":148}},"100":{"start":{"line":82,"column":56},"end":{"line":82,"column":89}},"101":{"start":{"line":86,"column":36},"end":{"line":86,"column":89}},"102":{"start":{"line":88,"column":36},"end":{"line":88,"column":56}},"103":{"start":{"line":89,"column":36},"end":{"line":89,"column":88}},"104":{"start":{"line":90,"column":36},"end":{"line":90,"column":58}},"105":{"start":{"line":94,"column":20},"end":{"line":94,"column":44}},"106":{"start":{"line":96,"column":20},"end":{"line":96,"column":40}},"107":{"start":{"line":97,"column":20},"end":{"line":97,"column":45}},"108":{"start":{"line":98,"column":24},"end":{"line":98,"column":46}},"109":{"start":{"line":103,"column":0},"end":{"line":103,"column":46}},"110":{"start":{"line":107,"column":4},"end":{"line":126,"column":7}},"111":{"start":{"line":109,"column":8},"end":{"line":125,"column":11}},"112":{"start":{"line":110,"column":12},"end":{"line":124,"column":13}},"113":{"start":{"line":112,"column":20},"end":{"line":112,"column":142}},"114":{"start":{"line":113,"column":20},"end":{"line":113,"column":33}},"115":{"start":{"line":115,"column":20},"end":{"line":115,"column":46}},"116":{"start":{"line":116,"column":20},"end":{"line":116,"column":99}},"117":{"start":{"line":118,"column":20},"end":{"line":118,"column":51}},"118":{"start":{"line":119,"column":20},"end":{"line":119,"column":62}},"119":{"start":{"line":121,"column":20},"end":{"line":121,"column":40}},"120":{"start":{"line":122,"column":20},"end":{"line":122,"column":45}},"121":{"start":{"line":123,"column":24},"end":{"line":123,"column":46}},"122":{"start":{"line":131,"column":4},"end":{"line":150,"column":7}},"123":{"start":{"line":133,"column":8},"end":{"line":149,"column":11}},"124":{"start":{"line":134,"column":12},"end":{"line":148,"column":13}},"125":{"start":{"line":136,"column":20},"end":{"line":136,"column":88}},"126":{"start":{"line":137,"column":20},"end":{"line":137,"column":33}},"127":{"start":{"line":139,"column":20},"end":{"line":139,"column":46}},"128":{"start":{"line":140,"column":20},"end":{"line":140,"column":103}},"129":{"start":{"line":142,"column":20},"end":{"line":142,"column":51}},"130":{"start":{"line":143,"column":20},"end":{"line":143,"column":62}},"131":{"start":{"line":145,"column":20},"end":{"line":145,"column":40}},"132":{"start":{"line":146,"column":20},"end":{"line":146,"column":45}},"133":{"start":{"line":147,"column":24},"end":{"line":147,"column":46}},"134":{"start":{"line":155,"column":28},"end":{"line":164,"column":6}},"135":{"start":{"line":156,"column":8},"end":{"line":158,"column":9}},"136":{"start":{"line":157,"column":12},"end":{"line":157,"column":25}},"137":{"start":{"line":159,"column":19},"end":{"line":159,"column":28}},"138":{"start":{"line":160,"column":35},"end":{"line":160,"column":46}},"139":{"start":{"line":161,"column":27},"end":{"line":161,"column":97}},"140":{"start":{"line":161,"column":56},"end":{"line":161,"column":94}},"141":{"start":{"line":162,"column":27},"end":{"line":162,"column":50}},"142":{"start":{"line":163,"column":8},"end":{"line":163,"column":28}},"143":{"start":{"line":165,"column":4},"end":{"line":165,"column":29}},"144":{"start":{"line":171,"column":4},"end":{"line":210,"column":7}},"145":{"start":{"line":173,"column":8},"end":{"line":209,"column":11}},"146":{"start":{"line":174,"column":12},"end":{"line":208,"column":13}},"147":{"start":{"line":176,"column":20},"end":{"line":176,"column":141}},"148":{"start":{"line":177,"column":20},"end":{"line":183,"column":23}},"149":{"start":{"line":184,"column":20},"end":{"line":184,"column":33}},"150":{"start":{"line":186,"column":20},"end":{"line":186,"column":46}},"151":{"start":{"line":187,"column":20},"end":{"line":193,"column":28}},"152":{"start":{"line":195,"column":20},"end":{"line":195,"column":41}},"153":{"start":{"line":196,"column":20},"end":{"line":196,"column":58}},"154":{"start":{"line":198,"column":20},"end":{"line":198,"column":45}},"155":{"start":{"line":199,"column":20},"end":{"line":202,"column":21}},"156":{"start":{"line":200,"column":24},"end":{"line":200,"column":59}},"157":{"start":{"line":201,"column":24},"end":{"line":201,"column":64}},"158":{"start":{"line":203,"column":20},"end":{"line":203,"column":49}},"159":{"start":{"line":205,"column":20},"end":{"line":205,"column":40}},"160":{"start":{"line":206,"column":20},"end":{"line":206,"column":45}},"161":{"start":{"line":207,"column":24},"end":{"line":207,"column":46}},"162":{"start":{"line":215,"column":4},"end":{"line":222,"column":7}},"163":{"start":{"line":217,"column":8},"end":{"line":221,"column":11}},"164":{"start":{"line":218,"column":12},"end":{"line":218,"column":61}},"165":{"start":{"line":219,"column":12},"end":{"line":219,"column":70}},"166":{"start":{"line":220,"column":12},"end":{"line":220,"column":49}},"167":{"start":{"line":240,"column":4},"end":{"line":278,"column":7}},"168":{"start":{"line":242,"column":8},"end":{"line":277,"column":11}},"169":{"start":{"line":243,"column":12},"end":{"line":276,"column":13}},"170":{"start":{"line":245,"column":20},"end":{"line":245,"column":184}},"171":{"start":{"line":246,"column":20},"end":{"line":246,"column":53}},"172":{"start":{"line":247,"column":20},"end":{"line":252,"column":23}},"173":{"start":{"line":253,"column":20},"end":{"line":253,"column":33}},"174":{"start":{"line":255,"column":20},"end":{"line":255,"column":46}},"175":{"start":{"line":256,"column":20},"end":{"line":263,"column":28}},"176":{"start":{"line":265,"column":20},"end":{"line":265,"column":41}},"177":{"start":{"line":266,"column":20},"end":{"line":268,"column":21}},"178":{"start":{"line":267,"column":24},"end":{"line":267,"column":52}},"179":{"start":{"line":269,"column":20},"end":{"line":269,"column":81}},"180":{"start":{"line":270,"column":20},"end":{"line":270,"column":85}},"181":{"start":{"line":271,"column":20},"end":{"line":271,"column":49}},"182":{"start":{"line":273,"column":20},"end":{"line":273,"column":40}},"183":{"start":{"line":274,"column":20},"end":{"line":274,"column":45}},"184":{"start":{"line":275,"column":24},"end":{"line":275,"column":46}}},"fnMap":{"0":{"name":"(anonymous_0)","decl":{"start":{"line":2,"column":44},"end":{"line":2,"column":45}},"loc":{"start":{"line":2,"column":89},"end":{"line":10,"column":1}},"line":2},"1":{"name":"adopt","decl":{"start":{"line":3,"column":13},"end":{"line":3,"column":18}},"loc":{"start":{"line":3,"column":26},"end":{"line":3,"column":112}},"line":3},"2":{"name":"(anonymous_2)","decl":{"start":{"line":3,"column":70},"end":{"line":3,"column":71}},"loc":{"start":{"line":3,"column":89},"end":{"line":3,"column":108}},"line":3},"3":{"name":"(anonymous_3)","decl":{"start":{"line":4,"column":36},"end":{"line":4,"column":37}},"loc":{"start":{"line":4,"column":63},"end":{"line":9,"column":5}},"line":4},"4":{"name":"fulfilled","decl":{"start":{"line":5,"column":17},"end":{"line":5,"column":26}},"loc":{"start":{"line":5,"column":34},"end":{"line":5,"column":99}},"line":5},"5":{"name":"rejected","decl":{"start":{"line":6,"column":17},"end":{"line":6,"column":25}},"loc":{"start":{"line":6,"column":33},"end":{"line":6,"column":102}},"line":6},"6":{"name":"step","decl":{"start":{"line":7,"column":17},"end":{"line":7,"column":21}},"loc":{"start":{"line":7,"column":30},"end":{"line":7,"column":118}},"line":7},"7":{"name":"(anonymous_7)","decl":{"start":{"line":11,"column":48},"end":{"line":11,"column":49}},"loc":{"start":{"line":11,"column":73},"end":{"line":37,"column":1}},"line":11},"8":{"name":"(anonymous_8)","decl":{"start":{"line":12,"column":30},"end":{"line":12,"column":31}},"loc":{"start":{"line":12,"column":41},"end":{"line":12,"column":83}},"line":12},"9":{"name":"(anonymous_9)","decl":{"start":{"line":13,"column":125},"end":{"line":13,"column":126}},"loc":{"start":{"line":13,"column":136},"end":{"line":13,"column":152}},"line":13},"10":{"name":"verb","decl":{"start":{"line":14,"column":13},"end":{"line":14,"column":17}},"loc":{"start":{"line":14,"column":21},"end":{"line":14,"column":70}},"line":14},"11":{"name":"(anonymous_11)","decl":{"start":{"line":14,"column":30},"end":{"line":14,"column":31}},"loc":{"start":{"line":14,"column":43},"end":{"line":14,"column":67}},"line":14},"12":{"name":"step","decl":{"start":{"line":15,"column":13},"end":{"line":15,"column":17}},"loc":{"start":{"line":15,"column":22},"end":{"line":36,"column":5}},"line":15},"13":{"name":"(anonymous_13)","decl":{"start":{"line":38,"column":56},"end":{"line":38,"column":57}},"loc":{"start":{"line":38,"column":71},"end":{"line":40,"column":1}},"line":38},"14":{"name":"repeatTasksForAll","decl":{"start":{"line":48,"column":9},"end":{"line":48,"column":26}},"loc":{"start":{"line":48,"column":29},"end":{"line":102,"column":1}},"line":48},"15":{"name":"(anonymous_15)","decl":{"start":{"line":49,"column":43},"end":{"line":49,"column":44}},"loc":{"start":{"line":49,"column":55},"end":{"line":101,"column":5}},"line":49},"16":{"name":"(anonymous_16)","decl":{"start":{"line":52,"column":33},"end":{"line":52,"column":34}},"loc":{"start":{"line":52,"column":47},"end":{"line":100,"column":9}},"line":52},"17":{"name":"(anonymous_17)","decl":{"start":{"line":59,"column":47},"end":{"line":59,"column":48}},"loc":{"start":{"line":59,"column":74},"end":{"line":93,"column":25}},"line":59},"18":{"name":"(anonymous_18)","decl":{"start":{"line":59,"column":116},"end":{"line":59,"column":117}},"loc":{"start":{"line":59,"column":128},"end":{"line":93,"column":21}},"line":59},"19":{"name":"(anonymous_19)","decl":{"start":{"line":63,"column":49},"end":{"line":63,"column":50}},"loc":{"start":{"line":63,"column":63},"end":{"line":92,"column":25}},"line":63},"20":{"name":"(anonymous_20)","decl":{"start":{"line":70,"column":66},"end":{"line":70,"column":67}},"loc":{"start":{"line":70,"column":80},"end":{"line":73,"column":37}},"line":70},"21":{"name":"(anonymous_21)","decl":{"start":{"line":78,"column":72},"end":{"line":78,"column":73}},"loc":{"start":{"line":78,"column":94},"end":{"line":85,"column":41}},"line":78},"22":{"name":"(anonymous_22)","decl":{"start":{"line":78,"column":136},"end":{"line":78,"column":137}},"loc":{"start":{"line":78,"column":148},"end":{"line":85,"column":37}},"line":78},"23":{"name":"(anonymous_23)","decl":{"start":{"line":79,"column":65},"end":{"line":79,"column":66}},"loc":{"start":{"line":79,"column":79},"end":{"line":84,"column":41}},"line":79},"24":{"name":"getEveryonesUserCredentials","decl":{"start":{"line":106,"column":9},"end":{"line":106,"column":36}},"loc":{"start":{"line":106,"column":39},"end":{"line":127,"column":1}},"line":106},"25":{"name":"(anonymous_25)","decl":{"start":{"line":107,"column":43},"end":{"line":107,"column":44}},"loc":{"start":{"line":107,"column":55},"end":{"line":126,"column":5}},"line":107},"26":{"name":"(anonymous_26)","decl":{"start":{"line":109,"column":33},"end":{"line":109,"column":34}},"loc":{"start":{"line":109,"column":47},"end":{"line":125,"column":9}},"line":109},"27":{"name":"getRules","decl":{"start":{"line":130,"column":9},"end":{"line":130,"column":17}},"loc":{"start":{"line":130,"column":29},"end":{"line":151,"column":1}},"line":130},"28":{"name":"(anonymous_28)","decl":{"start":{"line":131,"column":43},"end":{"line":131,"column":44}},"loc":{"start":{"line":131,"column":55},"end":{"line":150,"column":5}},"line":131},"29":{"name":"(anonymous_29)","decl":{"start":{"line":133,"column":33},"end":{"line":133,"column":34}},"loc":{"start":{"line":133,"column":47},"end":{"line":149,"column":9}},"line":133},"30":{"name":"filterOutUnrepeatedTasks","decl":{"start":{"line":154,"column":9},"end":{"line":154,"column":33}},"loc":{"start":{"line":154,"column":41},"end":{"line":166,"column":1}},"line":154},"31":{"name":"(anonymous_31)","decl":{"start":{"line":155,"column":41},"end":{"line":155,"column":42}},"loc":{"start":{"line":155,"column":57},"end":{"line":164,"column":5}},"line":155},"32":{"name":"(anonymous_32)","decl":{"start":{"line":161,"column":39},"end":{"line":161,"column":40}},"loc":{"start":{"line":161,"column":54},"end":{"line":161,"column":96}},"line":161},"33":{"name":"fetchTasks","decl":{"start":{"line":170,"column":9},"end":{"line":170,"column":19}},"loc":{"start":{"line":170,"column":75},"end":{"line":211,"column":1}},"line":170},"34":{"name":"(anonymous_34)","decl":{"start":{"line":171,"column":43},"end":{"line":171,"column":44}},"loc":{"start":{"line":171,"column":55},"end":{"line":210,"column":5}},"line":171},"35":{"name":"(anonymous_35)","decl":{"start":{"line":173,"column":33},"end":{"line":173,"column":34}},"loc":{"start":{"line":173,"column":47},"end":{"line":209,"column":9}},"line":173},"36":{"name":"getRepeatedTasks","decl":{"start":{"line":214,"column":9},"end":{"line":214,"column":25}},"loc":{"start":{"line":214,"column":63},"end":{"line":223,"column":1}},"line":214},"37":{"name":"(anonymous_37)","decl":{"start":{"line":215,"column":43},"end":{"line":215,"column":44}},"loc":{"start":{"line":215,"column":55},"end":{"line":222,"column":5}},"line":215},"38":{"name":"(anonymous_38)","decl":{"start":{"line":217,"column":33},"end":{"line":217,"column":34}},"loc":{"start":{"line":217,"column":47},"end":{"line":221,"column":9}},"line":217},"39":{"name":"findAllCurrentRepeats","decl":{"start":{"line":226,"column":9},"end":{"line":226,"column":30}},"loc":{"start":{"line":226,"column":46},"end":{"line":227,"column":1}},"line":226},"40":{"name":"createMissing","decl":{"start":{"line":239,"column":9},"end":{"line":239,"column":22}},"loc":{"start":{"line":239,"column":57},"end":{"line":279,"column":1}},"line":239},"41":{"name":"(anonymous_41)","decl":{"start":{"line":240,"column":43},"end":{"line":240,"column":44}},"loc":{"start":{"line":240,"column":55},"end":{"line":278,"column":5}},"line":240},"42":{"name":"(anonymous_42)","decl":{"start":{"line":242,"column":33},"end":{"line":242,"column":34}},"loc":{"start":{"line":242,"column":47},"end":{"line":277,"column":9}},"line":242}},"branchMap":{"0":{"loc":{"start":{"line":2,"column":16},"end":{"line":10,"column":1}},"type":"binary-expr","locations":[{"start":{"line":2,"column":17},"end":{"line":2,"column":21}},{"start":{"line":2,"column":25},"end":{"line":2,"column":39}},{"start":{"line":2,"column":44},"end":{"line":10,"column":1}}],"line":2},"1":{"loc":{"start":{"line":3,"column":35},"end":{"line":3,"column":109}},"type":"cond-expr","locations":[{"start":{"line":3,"column":56},"end":{"line":3,"column":61}},{"start":{"line":3,"column":64},"end":{"line":3,"column":109}}],"line":3},"2":{"loc":{"start":{"line":4,"column":16},"end":{"line":4,"column":34}},"type":"binary-expr","locations":[{"start":{"line":4,"column":16},"end":{"line":4,"column":17}},{"start":{"line":4,"column":22},"end":{"line":4,"column":33}}],"line":4},"3":{"loc":{"start":{"line":7,"column":32},"end":{"line":7,"column":115}},"type":"cond-expr","locations":[{"start":{"line":7,"column":46},"end":{"line":7,"column":67}},{"start":{"line":7,"column":70},"end":{"line":7,"column":115}}],"line":7},"4":{"loc":{"start":{"line":8,"column":51},"end":{"line":8,"column":67}},"type":"binary-expr","locations":[{"start":{"line":8,"column":51},"end":{"line":8,"column":61}},{"start":{"line":8,"column":65},"end":{"line":8,"column":67}}],"line":8},"5":{"loc":{"start":{"line":11,"column":18},"end":{"line":37,"column":1}},"type":"binary-expr","locations":[{"start":{"line":11,"column":19},"end":{"line":11,"column":23}},{"start":{"line":11,"column":27},"end":{"line":11,"column":43}},{"start":{"line":11,"column":48},"end":{"line":37,"column":1}}],"line":11},"6":{"loc":{"start":{"line":12,"column":43},"end":{"line":12,"column":68}},"type":"if","locations":[{"start":{"line":12,"column":43},"end":{"line":12,"column":68}},{"start":{"line":12,"column":43},"end":{"line":12,"column":68}}],"line":12},"7":{"loc":{"start":{"line":13,"column":71},"end":{"line":13,"column":153}},"type":"binary-expr","locations":[{"start":{"line":13,"column":71},"end":{"line":13,"column":99}},{"start":{"line":13,"column":104},"end":{"line":13,"column":152}}],"line":13},"8":{"loc":{"start":{"line":16,"column":8},"end":{"line":16,"column":70}},"type":"if","locations":[{"start":{"line":16,"column":8},"end":{"line":16,"column":70}},{"start":{"line":16,"column":8},"end":{"line":16,"column":70}}],"line":16},"9":{"loc":{"start":{"line":18,"column":12},"end":{"line":18,"column":169}},"type":"if","locations":[{"start":{"line":18,"column":12},"end":{"line":18,"column":169}},{"start":{"line":18,"column":12},"end":{"line":18,"column":169}}],"line":18},"10":{"loc":{"start":{"line":18,"column":23},"end":{"line":18,"column":158}},"type":"binary-expr","locations":[{"start":{"line":18,"column":23},"end":{"line":18,"column":24}},{"start":{"line":18,"column":29},"end":{"line":18,"column":125}},{"start":{"line":18,"column":130},"end":{"line":18,"column":158}}],"line":18},"11":{"loc":{"start":{"line":18,"column":33},"end":{"line":18,"column":125}},"type":"cond-expr","locations":[{"start":{"line":18,"column":45},"end":{"line":18,"column":56}},{"start":{"line":18,"column":59},"end":{"line":18,"column":125}}],"line":18},"12":{"loc":{"start":{"line":18,"column":59},"end":{"line":18,"column":125}},"type":"cond-expr","locations":[{"start":{"line":18,"column":67},"end":{"line":18,"column":116}},{"start":{"line":18,"column":119},"end":{"line":18,"column":125}}],"line":18},"13":{"loc":{"start":{"line":18,"column":67},"end":{"line":18,"column":116}},"type":"binary-expr","locations":[{"start":{"line":18,"column":67},"end":{"line":18,"column":77}},{"start":{"line":18,"column":82},"end":{"line":18,"column":115}}],"line":18},"14":{"loc":{"start":{"line":18,"column":82},"end":{"line":18,"column":112}},"type":"binary-expr","locations":[{"start":{"line":18,"column":83},"end":{"line":18,"column":98}},{"start":{"line":18,"column":103},"end":{"line":18,"column":112}}],"line":18},"15":{"loc":{"start":{"line":19,"column":12},"end":{"line":19,"column":52}},"type":"if","locations":[{"start":{"line":19,"column":12},"end":{"line":19,"column":52}},{"start":{"line":19,"column":12},"end":{"line":19,"column":52}}],"line":19},"16":{"loc":{"start":{"line":20,"column":12},"end":{"line":32,"column":13}},"type":"switch","locations":[{"start":{"line":21,"column":16},"end":{"line":21,"column":23}},{"start":{"line":21,"column":24},"end":{"line":21,"column":46}},{"start":{"line":22,"column":16},"end":{"line":22,"column":72}},{"start":{"line":23,"column":16},"end":{"line":23,"column":65}},{"start":{"line":24,"column":16},"end":{"line":24,"column":65}},{"start":{"line":25,"column":16},"end":{"line":31,"column":43}}],"line":20},"17":{"loc":{"start":{"line":26,"column":20},"end":{"line":26,"column":128}},"type":"if","locations":[{"start":{"line":26,"column":20},"end":{"line":26,"column":128}},{"start":{"line":26,"column":20},"end":{"line":26,"column":128}}],"line":26},"18":{"loc":{"start":{"line":26,"column":24},"end":{"line":26,"column":106}},"type":"binary-expr","locations":[{"start":{"line":26,"column":24},"end":{"line":26,"column":74}},{"start":{"line":26,"column":79},"end":{"line":26,"column":90}},{"start":{"line":26,"column":94},"end":{"line":26,"column":105}}],"line":26},"19":{"loc":{"start":{"line":26,"column":42},"end":{"line":26,"column":73}},"type":"binary-expr","locations":[{"start":{"line":26,"column":42},"end":{"line":26,"column":54}},{"start":{"line":26,"column":58},"end":{"line":26,"column":73}}],"line":26},"20":{"loc":{"start":{"line":27,"column":20},"end":{"line":27,"column":106}},"type":"if","locations":[{"start":{"line":27,"column":20},"end":{"line":27,"column":106}},{"start":{"line":27,"column":20},"end":{"line":27,"column":106}}],"line":27},"21":{"loc":{"start":{"line":27,"column":24},"end":{"line":27,"column":77}},"type":"binary-expr","locations":[{"start":{"line":27,"column":24},"end":{"line":27,"column":35}},{"start":{"line":27,"column":40},"end":{"line":27,"column":42}},{"start":{"line":27,"column":47},"end":{"line":27,"column":59}},{"start":{"line":27,"column":63},"end":{"line":27,"column":75}}],"line":27},"22":{"loc":{"start":{"line":28,"column":20},"end":{"line":28,"column":89}},"type":"if","locations":[{"start":{"line":28,"column":20},"end":{"line":28,"column":89}},{"start":{"line":28,"column":20},"end":{"line":28,"column":89}}],"line":28},"23":{"loc":{"start":{"line":28,"column":24},"end":{"line":28,"column":53}},"type":"binary-expr","locations":[{"start":{"line":28,"column":24},"end":{"line":28,"column":35}},{"start":{"line":28,"column":39},"end":{"line":28,"column":53}}],"line":28},"24":{"loc":{"start":{"line":29,"column":20},"end":{"line":29,"column":87}},"type":"if","locations":[{"start":{"line":29,"column":20},"end":{"line":29,"column":87}},{"start":{"line":29,"column":20},"end":{"line":29,"column":87}}],"line":29},"25":{"loc":{"start":{"line":29,"column":24},"end":{"line":29,"column":43}},"type":"binary-expr","locations":[{"start":{"line":29,"column":24},"end":{"line":29,"column":25}},{"start":{"line":29,"column":29},"end":{"line":29,"column":43}}],"line":29},"26":{"loc":{"start":{"line":30,"column":20},"end":{"line":30,"column":42}},"type":"if","locations":[{"start":{"line":30,"column":20},"end":{"line":30,"column":42}},{"start":{"line":30,"column":20},"end":{"line":30,"column":42}}],"line":30},"27":{"loc":{"start":{"line":35,"column":8},"end":{"line":35,"column":35}},"type":"if","locations":[{"start":{"line":35,"column":8},"end":{"line":35,"column":35}},{"start":{"line":35,"column":8},"end":{"line":35,"column":35}}],"line":35},"28":{"loc":{"start":{"line":35,"column":52},"end":{"line":35,"column":74}},"type":"cond-expr","locations":[{"start":{"line":35,"column":60},"end":{"line":35,"column":65}},{"start":{"line":35,"column":68},"end":{"line":35,"column":74}}],"line":35},"29":{"loc":{"start":{"line":38,"column":22},"end":{"line":40,"column":1}},"type":"binary-expr","locations":[{"start":{"line":38,"column":23},"end":{"line":38,"column":27}},{"start":{"line":38,"column":31},"end":{"line":38,"column":51}},{"start":{"line":38,"column":56},"end":{"line":40,"column":1}}],"line":38},"30":{"loc":{"start":{"line":39,"column":11},"end":{"line":39,"column":61}},"type":"cond-expr","locations":[{"start":{"line":39,"column":37},"end":{"line":39,"column":40}},{"start":{"line":39,"column":43},"end":{"line":39,"column":61}}],"line":39},"31":{"loc":{"start":{"line":39,"column":12},"end":{"line":39,"column":33}},"type":"binary-expr","locations":[{"start":{"line":39,"column":12},"end":{"line":39,"column":15}},{"start":{"line":39,"column":19},"end":{"line":39,"column":33}}],"line":39},"32":{"loc":{"start":{"line":53,"column":12},"end":{"line":99,"column":13}},"type":"switch","locations":[{"start":{"line":54,"column":16},"end":{"line":56,"column":72}},{"start":{"line":57,"column":16},"end":{"line":94,"column":44}},{"start":{"line":95,"column":16},"end":{"line":97,"column":45}},{"start":{"line":98,"column":16},"end":{"line":98,"column":46}}],"line":53},"33":{"loc":{"start":{"line":64,"column":28},"end":{"line":91,"column":29}},"type":"switch","locations":[{"start":{"line":65,"column":32},"end":{"line":67,"column":77}},{"start":{"line":68,"column":32},"end":{"line":75,"column":91}},{"start":{"line":76,"column":32},"end":{"line":86,"column":89}},{"start":{"line":87,"column":32},"end":{"line":90,"column":58}}],"line":64},"34":{"loc":{"start":{"line":80,"column":44},"end":{"line":83,"column":45}},"type":"switch","locations":[{"start":{"line":81,"column":48},"end":{"line":81,"column":148}},{"start":{"line":82,"column":48},"end":{"line":82,"column":89}}],"line":80},"35":{"loc":{"start":{"line":110,"column":12},"end":{"line":124,"column":13}},"type":"switch","locations":[{"start":{"line":111,"column":16},"end":{"line":113,"column":33}},{"start":{"line":114,"column":16},"end":{"line":116,"column":99}},{"start":{"line":117,"column":16},"end":{"line":119,"column":62}},{"start":{"line":120,"column":16},"end":{"line":122,"column":45}},{"start":{"line":123,"column":16},"end":{"line":123,"column":46}}],"line":110},"36":{"loc":{"start":{"line":134,"column":12},"end":{"line":148,"column":13}},"type":"switch","locations":[{"start":{"line":135,"column":16},"end":{"line":137,"column":33}},{"start":{"line":138,"column":16},"end":{"line":140,"column":103}},{"start":{"line":141,"column":16},"end":{"line":143,"column":62}},{"start":{"line":144,"column":16},"end":{"line":146,"column":45}},{"start":{"line":147,"column":16},"end":{"line":147,"column":46}}],"line":134},"37":{"loc":{"start":{"line":156,"column":8},"end":{"line":158,"column":9}},"type":"if","locations":[{"start":{"line":156,"column":8},"end":{"line":158,"column":9}},{"start":{"line":156,"column":8},"end":{"line":158,"column":9}}],"line":156},"38":{"loc":{"start":{"line":174,"column":12},"end":{"line":208,"column":13}},"type":"switch","locations":[{"start":{"line":175,"column":16},"end":{"line":184,"column":33}},{"start":{"line":185,"column":16},"end":{"line":193,"column":28}},{"start":{"line":194,"column":16},"end":{"line":196,"column":58}},{"start":{"line":197,"column":16},"end":{"line":203,"column":49}},{"start":{"line":204,"column":16},"end":{"line":206,"column":45}},{"start":{"line":207,"column":16},"end":{"line":207,"column":46}}],"line":174},"39":{"loc":{"start":{"line":176,"column":39},"end":{"line":176,"column":129}},"type":"binary-expr","locations":[{"start":{"line":176,"column":39},"end":{"line":176,"column":49}},{"start":{"line":176,"column":53},"end":{"line":176,"column":129}}],"line":176},"40":{"loc":{"start":{"line":199,"column":20},"end":{"line":202,"column":21}},"type":"if","locations":[{"start":{"line":199,"column":20},"end":{"line":202,"column":21}},{"start":{"line":199,"column":20},"end":{"line":202,"column":21}}],"line":199},"41":{"loc":{"start":{"line":243,"column":12},"end":{"line":276,"column":13}},"type":"switch","locations":[{"start":{"line":244,"column":16},"end":{"line":253,"column":33}},{"start":{"line":254,"column":16},"end":{"line":263,"column":28}},{"start":{"line":264,"column":16},"end":{"line":271,"column":49}},{"start":{"line":272,"column":16},"end":{"line":274,"column":45}},{"start":{"line":275,"column":16},"end":{"line":275,"column":46}}],"line":243},"42":{"loc":{"start":{"line":266,"column":20},"end":{"line":268,"column":21}},"type":"if","locations":[{"start":{"line":266,"column":20},"end":{"line":268,"column":21}},{"start":{"line":266,"column":20},"end":{"line":268,"column":21}}],"line":266}},"s":{"0":1,"1":4,"2":0,"3":4,"4":2,"5":2,"6":0,"7":0,"8":0,"9":0,"10":6,"11":4,"12":1,"13":4,"14":2,"15":0,"16":2,"17":4,"18":0,"19":12,"20":6,"21":6,"22":0,"23":6,"24":15,"25":15,"26":0,"27":15,"28":0,"29":15,"30":6,"31":6,"32":4,"33":4,"34":0,"35":0,"36":0,"37":0,"38":0,"39":0,"40":0,"41":5,"42":2,"43":2,"44":3,"45":1,"46":1,"47":2,"48":0,"49":0,"50":0,"51":2,"52":0,"53":0,"54":0,"55":2,"56":0,"57":2,"58":2,"59":7,"60":0,"61":0,"62":15,"63":2,"64":0,"65":2,"66":1,"67":2,"68":1,"69":1,"70":1,"71":1,"72":1,"73":1,"74":1,"75":1,"76":1,"77":3,"78":1,"79":1,"80":1,"81":1,"82":1,"83":1,"84":1,"85":1,"86":1,"87":1,"88":0,"89":0,"90":0,"91":0,"92":0,"93":0,"94":0,"95":0,"96":0,"97":0,"98":0,"99":0,"100":0,"101":0,"102":0,"103":0,"104":0,"105":1,"106":0,"107":0,"108":1,"109":1,"110":1,"111":1,"112":2,"113":1,"114":1,"115":1,"116":1,"117":1,"118":1,"119":0,"120":0,"121":0,"122":1,"123":1,"124":1,"125":1,"126":1,"127":1,"128":1,"129":0,"130":0,"131":0,"132":0,"133":0,"134":0,"135":0,"136":0,"137":0,"138":0,"139":0,"140":0,"141":0,"142":0,"143":0,"144":0,"145":0,"146":0,"147":0,"148":0,"149":0,"150":0,"151":0,"152":0,"153":0,"154":0,"155":0,"156":0,"157":0,"158":0,"159":0,"160":0,"161":0,"162":0,"163":0,"164":0,"165":0,"166":0,"167":0,"168":0,"169":0,"170":0,"171":0,"172":0,"173":0,"174":0,"175":0,"176":0,"177":0,"178":0,"179":0,"180":0,"181":0,"182":0,"183":0,"184":0},"f":{"0":4,"1":4,"2":0,"3":4,"4":2,"5":0,"6":6,"7":4,"8":2,"9":0,"10":12,"11":6,"12":6,"13":2,"14":1,"15":1,"16":3,"17":1,"18":1,"19":1,"20":0,"21":0,"22":0,"23":0,"24":1,"25":1,"26":2,"27":1,"28":1,"29":1,"30":0,"31":0,"32":0,"33":0,"34":0,"35":0,"36":0,"37":0,"38":0,"39":0,"40":0,"41":0,"42":0},"b":{"0":[1,1,1],"1":[4,0],"2":[4,4],"3":[2,4],"4":[4,4],"5":[1,1,1],"6":[0,2],"7":[4,4],"8":[0,6],"9":[0,15],"10":[15,0,0],"11":[0,0],"12":[0,0],"13":[0,0],"14":[0,0],"15":[0,15],"16":[6,6,4,0,0,5],"17":[2,3],"18":[5,3,3],"19":[5,2],"20":[1,2],"21":[3,2,1,1],"22":[0,2],"23":[2,0],"24":[0,2],"25":[2,2],"26":[0,2],"27":[0,2],"28":[2,0],"29":[1,1,1],"30":[1,1],"31":[2,2],"32":[1,1,0,1],"33":[1,0,0,0],"34":[0,0],"35":[1,1,1,0,0],"36":[1,1,0,0,0],"37":[0,0],"38":[0,0,0,0,0,0],"39":[0,0],"40":[0,0],"41":[0,0,0,0,0],"42":[0,0]},"inputSourceMap":null,"_coverageSchema":"1a1c01bbd47fc00a2c39e90264f33305004495a9","hash":"2a16f836b3863dd69c26628d9fe9a639955e775e"}
,"/home/owner/cp/asanaTaskRepeaterBackend/compiled/shared/EGrantTypes.js": {"path":"/home/owner/cp/asanaTaskRepeaterBackend/compiled/shared/EGrantTypes.js","statementMap":{"0":{"start":{"line":2,"column":0},"end":{"line":2,"column":62}},"1":{"start":{"line":4,"column":0},"end":{"line":7,"column":38}},"2":{"start":{"line":5,"column":4},"end":{"line":5,"column":51}},"3":{"start":{"line":6,"column":4},"end":{"line":6,"column":50}},"4":{"start":{"line":8,"column":0},"end":{"line":8,"column":30}}},"fnMap":{"0":{"name":"(anonymous_0)","decl":{"start":{"line":4,"column":1},"end":{"line":4,"column":2}},"loc":{"start":{"line":4,"column":24},"end":{"line":7,"column":1}},"line":4}},"branchMap":{"0":{"loc":{"start":{"line":7,"column":3},"end":{"line":7,"column":36}},"type":"binary-expr","locations":[{"start":{"line":7,"column":3},"end":{"line":7,"column":14}},{"start":{"line":7,"column":19},"end":{"line":7,"column":35}}],"line":7}},"s":{"0":1,"1":1,"2":1,"3":1,"4":1},"f":{"0":1},"b":{"0":[1,1]},"inputSourceMap":null,"_coverageSchema":"1a1c01bbd47fc00a2c39e90264f33305004495a9","hash":"8f871d1382930049f3f3b31b9245b335c3029a98"}
,"/home/owner/cp/asanaTaskRepeaterBackend/compiled/shared/database.js": {"path":"/home/owner/cp/asanaTaskRepeaterBackend/compiled/shared/database.js","statementMap":{"0":{"start":{"line":2,"column":22},"end":{"line":4,"column":1}},"1":{"start":{"line":3,"column":4},"end":{"line":3,"column":62}},"2":{"start":{"line":5,"column":0},"end":{"line":5,"column":62}},"3":{"start":{"line":6,"column":0},"end":{"line":6,"column":51}},"4":{"start":{"line":7,"column":15},"end":{"line":7,"column":49}},"5":{"start":{"line":8,"column":19},"end":{"line":8,"column":57}},"6":{"start":{"line":9,"column":0},"end":{"line":9,"column":26}},"7":{"start":{"line":10,"column":9},"end":{"line":10,"column":20}},"8":{"start":{"line":10,"column":31},"end":{"line":10,"column":40}},"9":{"start":{"line":10,"column":51},"end":{"line":10,"column":60}},"10":{"start":{"line":10,"column":75},"end":{"line":10,"column":88}},"11":{"start":{"line":10,"column":99},"end":{"line":10,"column":108}},"12":{"start":{"line":10,"column":123},"end":{"line":10,"column":136}},"13":{"start":{"line":11,"column":0},"end":{"line":13,"column":3}},"14":{"start":{"line":14,"column":0},"end":{"line":20,"column":3}}},"fnMap":{"0":{"name":"(anonymous_0)","decl":{"start":{"line":2,"column":56},"end":{"line":2,"column":57}},"loc":{"start":{"line":2,"column":71},"end":{"line":4,"column":1}},"line":2}},"branchMap":{"0":{"loc":{"start":{"line":2,"column":22},"end":{"line":4,"column":1}},"type":"binary-expr","locations":[{"start":{"line":2,"column":23},"end":{"line":2,"column":27}},{"start":{"line":2,"column":31},"end":{"line":2,"column":51}},{"start":{"line":2,"column":56},"end":{"line":4,"column":1}}],"line":2},"1":{"loc":{"start":{"line":3,"column":11},"end":{"line":3,"column":61}},"type":"cond-expr","locations":[{"start":{"line":3,"column":37},"end":{"line":3,"column":40}},{"start":{"line":3,"column":43},"end":{"line":3,"column":61}}],"line":3},"2":{"loc":{"start":{"line":3,"column":12},"end":{"line":3,"column":33}},"type":"binary-expr","locations":[{"start":{"line":3,"column":12},"end":{"line":3,"column":15}},{"start":{"line":3,"column":19},"end":{"line":3,"column":33}}],"line":3}},"s":{"0":1,"1":2,"2":1,"3":1,"4":1,"5":1,"6":1,"7":1,"8":1,"9":1,"10":1,"11":1,"12":1,"13":1,"14":1},"f":{"0":2},"b":{"0":[1,1,1],"1":[0,2],"2":[2,2]},"inputSourceMap":null,"_coverageSchema":"1a1c01bbd47fc00a2c39e90264f33305004495a9","hash":"3966868db838f7d350f85f2fb471521f50e8fcff"}
,"/home/owner/cp/asanaTaskRepeaterBackend/compiled/shared/envVariablesTyped.js": {"path":"/home/owner/cp/asanaTaskRepeaterBackend/compiled/shared/envVariablesTyped.js","statementMap":{"0":{"start":{"line":2,"column":22},"end":{"line":4,"column":1}},"1":{"start":{"line":3,"column":4},"end":{"line":3,"column":62}},"2":{"start":{"line":5,"column":0},"end":{"line":5,"column":62}},"3":{"start":{"line":6,"column":11},"end":{"line":6,"column":41}},"4":{"start":{"line":7,"column":13},"end":{"line":7,"column":45}},"5":{"start":{"line":8,"column":24},"end":{"line":8,"column":64}},"6":{"start":{"line":9,"column":18},"end":{"line":9,"column":64}},"7":{"start":{"line":12,"column":19},"end":{"line":12,"column":79}},"8":{"start":{"line":13,"column":25},"end":{"line":13,"column":49}},"9":{"start":{"line":15,"column":20},"end":{"line":20,"column":2}},"10":{"start":{"line":16,"column":4},"end":{"line":18,"column":5}},"11":{"start":{"line":17,"column":8},"end":{"line":17,"column":21}},"12":{"start":{"line":19,"column":4},"end":{"line":19,"column":16}},"13":{"start":{"line":22,"column":19},"end":{"line":22,"column":21}},"14":{"start":{"line":23,"column":0},"end":{"line":27,"column":3}},"15":{"start":{"line":24,"column":20},"end":{"line":24,"column":43}},"16":{"start":{"line":25,"column":17},"end":{"line":25,"column":29}},"17":{"start":{"line":25,"column":42},"end":{"line":25,"column":54}},"18":{"start":{"line":26,"column":4},"end":{"line":26,"column":36}},"19":{"start":{"line":30,"column":22},"end":{"line":30,"column":54}},"20":{"start":{"line":31,"column":0},"end":{"line":33,"column":1}},"21":{"start":{"line":32,"column":4},"end":{"line":32,"column":74}},"22":{"start":{"line":34,"column":0},"end":{"line":34,"column":31}}},"fnMap":{"0":{"name":"(anonymous_0)","decl":{"start":{"line":2,"column":56},"end":{"line":2,"column":57}},"loc":{"start":{"line":2,"column":71},"end":{"line":4,"column":1}},"line":2},"1":{"name":"(anonymous_1)","decl":{"start":{"line":15,"column":46},"end":{"line":15,"column":47}},"loc":{"start":{"line":15,"column":62},"end":{"line":20,"column":1}},"line":15},"2":{"name":"(anonymous_2)","decl":{"start":{"line":23,"column":22},"end":{"line":23,"column":23}},"loc":{"start":{"line":23,"column":46},"end":{"line":27,"column":1}},"line":23}},"branchMap":{"0":{"loc":{"start":{"line":2,"column":22},"end":{"line":4,"column":1}},"type":"binary-expr","locations":[{"start":{"line":2,"column":23},"end":{"line":2,"column":27}},{"start":{"line":2,"column":31},"end":{"line":2,"column":51}},{"start":{"line":2,"column":56},"end":{"line":4,"column":1}}],"line":2},"1":{"loc":{"start":{"line":3,"column":11},"end":{"line":3,"column":61}},"type":"cond-expr","locations":[{"start":{"line":3,"column":37},"end":{"line":3,"column":40}},{"start":{"line":3,"column":43},"end":{"line":3,"column":61}}],"line":3},"2":{"loc":{"start":{"line":3,"column":12},"end":{"line":3,"column":33}},"type":"binary-expr","locations":[{"start":{"line":3,"column":12},"end":{"line":3,"column":15}},{"start":{"line":3,"column":19},"end":{"line":3,"column":33}}],"line":3},"3":{"loc":{"start":{"line":16,"column":4},"end":{"line":18,"column":5}},"type":"if","locations":[{"start":{"line":16,"column":4},"end":{"line":18,"column":5}},{"start":{"line":16,"column":4},"end":{"line":18,"column":5}}],"line":16},"4":{"loc":{"start":{"line":16,"column":8},"end":{"line":16,"column":38}},"type":"binary-expr","locations":[{"start":{"line":16,"column":8},"end":{"line":16,"column":19}},{"start":{"line":16,"column":23},"end":{"line":16,"column":38}}],"line":16},"5":{"loc":{"start":{"line":31,"column":0},"end":{"line":33,"column":1}},"type":"if","locations":[{"start":{"line":31,"column":0},"end":{"line":33,"column":1}},{"start":{"line":31,"column":0},"end":{"line":33,"column":1}}],"line":31}},"s":{"0":1,"1":2,"2":1,"3":1,"4":1,"5":1,"6":1,"7":1,"8":1,"9":1,"10":20,"11":7,"12":13,"13":1,"14":1,"15":13,"16":13,"17":13,"18":13,"19":1,"20":1,"21":0,"22":1},"f":{"0":2,"1":20,"2":13},"b":{"0":[1,1,1],"1":[0,2],"2":[2,2],"3":[7,13],"4":[20,17],"5":[0,1]},"inputSourceMap":null,"_coverageSchema":"1a1c01bbd47fc00a2c39e90264f33305004495a9","hash":"f663f69fde51cb328be6776ba34cf70abbb9494a"}
,"/home/owner/cp/asanaTaskRepeaterBackend/compiled/shared/globals.js": {"path":"/home/owner/cp/asanaTaskRepeaterBackend/compiled/shared/globals.js","statementMap":{"0":{"start":{"line":2,"column":0},"end":{"line":2,"column":62}},"1":{"start":{"line":3,"column":0},"end":{"line":3,"column":28}},"2":{"start":{"line":4,"column":0},"end":{"line":4,"column":54}}},"fnMap":{},"branchMap":{},"s":{"0":1,"1":1,"2":1},"f":{},"b":{},"inputSourceMap":null,"_coverageSchema":"1a1c01bbd47fc00a2c39e90264f33305004495a9","hash":"3b90ad346eb1dccf7fbe2625bb1077fcaf6ed8ff"}
,"/home/owner/cp/asanaTaskRepeaterBackend/src/cronjobs/RepeatRule.ts": {"path":"/home/owner/cp/asanaTaskRepeaterBackend/src/cronjobs/RepeatRule.ts","statementMap":{"0":{"start":{"line":1,"column":0},"end":{"line":1,"column":28}},"1":{"start":{"line":3,"column":0},"end":{"line":3,"column":null}},"2":{"start":{"line":5,"column":11},"end":{"line":5,"column":26}},"3":{"start":{"line":6,"column":11},"end":{"line":6,"column":29}},"4":{"start":{"line":7,"column":11},"end":{"line":7,"column":31}},"5":{"start":{"line":8,"column":11},"end":{"line":8,"column":48}},"6":{"start":{"line":9,"column":11},"end":{"line":9,"column":28}},"7":{"start":{"line":13,"column":9},"end":{"line":35,"column":null}},"8":{"start":{"line":14,"column":18},"end":{"line":14,"column":41}},"9":{"start":{"line":15,"column":22},"end":{"line":15,"column":59}},"10":{"start":{"line":16,"column":38},"end":{"line":16,"column":40}},"11":{"start":{"line":18,"column":22},"end":{"line":18,"column":31}},"12":{"start":{"line":21,"column":4},"end":{"line":27,"column":42}},"13":{"start":{"line":22,"column":6},"end":{"line":22,"column":33}},"14":{"start":{"line":24,"column":34},"end":{"line":25,"column":46}},"15":{"start":{"line":26,"column":6},"end":{"line":26,"column":40}},"16":{"start":{"line":30,"column":4},"end":{"line":32,"column":null}},"17":{"start":{"line":31,"column":6},"end":{"line":31,"column":18}},"18":{"start":{"line":34,"column":4},"end":{"line":34,"column":17}},"19":{"start":{"line":36,"column":0},"end":{"line":36,"column":null}}},"fnMap":{"0":{"name":"(anonymous_1)","decl":{"start":{"line":3,"column":0},"end":{"line":3,"column":null}},"loc":{"start":{"line":3,"column":0},"end":{"line":36,"column":null}}},"1":{"name":"RepeatRule","decl":{"start":{"line":4,"column":2},"end":{"line":4,"column":null}},"loc":{"start":{"line":9,"column":28},"end":{"line":10,"column":6}}},"2":{"name":"(anonymous_3)","decl":{"start":{"line":13,"column":2},"end":{"line":13,"column":9}},"loc":{"start":{"line":13,"column":2},"end":{"line":35,"column":3}}}},"branchMap":{"0":{"loc":{"start":{"line":30,"column":4},"end":{"line":32,"column":null}},"type":"if","locations":[{"start":{"line":30,"column":4},"end":{"line":32,"column":null}},{"start":{"line":30,"column":4},"end":{"line":32,"column":null}}]}},"s":{"0":1,"1":1,"2":2,"3":2,"4":2,"5":2,"6":2,"7":1,"8":2,"9":2,"10":2,"11":2,"12":2,"13":48,"14":48,"15":48,"16":2,"17":1,"18":1,"19":1},"f":{"0":1,"1":2,"2":2},"b":{"0":[1,1]}}
}
