TN:
SF:compiled/authTokenHandling/TokenHandler.js
FN:2,(anonymous_0)
FN:3,adopt
FN:3,(anonymous_2)
FN:4,(anonymous_3)
FN:5,fulfilled
FN:6,rejected
FN:7,step
FN:11,(anonymous_7)
FN:12,(anonymous_8)
FN:13,(anonymous_9)
FN:14,verb
FN:14,(anonymous_11)
FN:15,step
FN:38,(anonymous_13)
FN:54,(anonymous_14)
FN:61,accessTokenIsValid
FN:62,(anonymous_16)
FN:64,(anonymous_17)
FN:98,(anonymous_18)
FN:100,TokenHandler
FN:104,(anonymous_20)
FN:105,(anonymous_21)
FN:107,(anonymous_22)
FN:131,(anonymous_23)
FN:132,(anonymous_24)
FN:134,(anonymous_25)
FN:176,(anonymous_26)
FN:177,(anonymous_27)
FN:179,(anonymous_28)
FN:192,(anonymous_29)
FN:193,(anonymous_30)
FN:195,(anonymous_31)
FN:202,(anonymous_32)
FNF:33
FNH:3
FNDA:0,(anonymous_0)
FNDA:0,adopt
FNDA:0,(anonymous_2)
FNDA:0,(anonymous_3)
FNDA:0,fulfilled
FNDA:0,rejected
FNDA:0,step
FNDA:0,(anonymous_7)
FNDA:0,(anonymous_8)
FNDA:0,(anonymous_9)
FNDA:0,verb
FNDA:0,(anonymous_11)
FNDA:0,step
FNDA:5,(anonymous_13)
FNDA:1,(anonymous_14)
FNDA:0,accessTokenIsValid
FNDA:0,(anonymous_16)
FNDA:0,(anonymous_17)
FNDA:1,(anonymous_18)
FNDA:0,TokenHandler
FNDA:0,(anonymous_20)
FNDA:0,(anonymous_21)
FNDA:0,(anonymous_22)
FNDA:0,(anonymous_23)
FNDA:0,(anonymous_24)
FNDA:0,(anonymous_25)
FNDA:0,(anonymous_26)
FNDA:0,(anonymous_27)
FNDA:0,(anonymous_28)
FNDA:0,(anonymous_29)
FNDA:0,(anonymous_30)
FNDA:0,(anonymous_31)
FNDA:0,(anonymous_32)
DA:2,1
DA:3,0
DA:4,0
DA:5,0
DA:6,0
DA:7,0
DA:8,0
DA:11,1
DA:12,0
DA:13,0
DA:14,0
DA:16,0
DA:17,0
DA:18,0
DA:19,0
DA:20,0
DA:21,0
DA:22,0
DA:23,0
DA:24,0
DA:26,0
DA:27,0
DA:28,0
DA:29,0
DA:30,0
DA:31,0
DA:33,0
DA:34,0
DA:35,0
DA:38,1
DA:39,5
DA:41,1
DA:42,1
DA:43,1
DA:44,1
DA:45,1
DA:46,1
DA:47,1
DA:48,1
DA:49,1
DA:50,1
DA:51,1
DA:52,1
DA:54,1
DA:55,1
DA:56,1
DA:62,0
DA:64,0
DA:65,0
DA:67,0
DA:68,0
DA:77,0
DA:79,0
DA:80,0
DA:82,0
DA:83,0
DA:85,0
DA:86,0
DA:87,0
DA:89,0
DA:91,0
DA:92,0
DA:93,0
DA:98,1
DA:101,0
DA:102,0
DA:104,1
DA:105,0
DA:107,0
DA:108,0
DA:109,0
DA:111,0
DA:112,0
DA:114,0
DA:115,0
DA:116,0
DA:118,0
DA:119,0
DA:121,0
DA:122,0
DA:123,0
DA:131,1
DA:132,0
DA:134,0
DA:135,0
DA:136,0
DA:138,0
DA:139,0
DA:140,0
DA:149,0
DA:157,0
DA:159,0
DA:160,0
DA:162,0
DA:163,0
DA:165,0
DA:166,0
DA:167,0
DA:169,0
DA:170,0
DA:171,0
DA:176,1
DA:177,0
DA:179,0
DA:180,0
DA:182,0
DA:183,0
DA:184,0
DA:186,0
DA:187,0
DA:192,1
DA:193,0
DA:195,0
DA:196,0
DA:198,0
DA:199,0
DA:201,0
DA:202,0
DA:204,0
DA:205,0
DA:206,0
DA:208,0
DA:209,0
DA:210,0
DA:215,1
DA:217,1
LF:126
LH:26
BRDA:2,0,0,1
BRDA:2,0,1,1
BRDA:2,0,2,1
BRDA:3,1,0,0
BRDA:3,1,1,0
BRDA:4,2,0,0
BRDA:4,2,1,0
BRDA:7,3,0,0
BRDA:7,3,1,0
BRDA:8,4,0,0
BRDA:8,4,1,0
BRDA:11,5,0,1
BRDA:11,5,1,1
BRDA:11,5,2,1
BRDA:12,6,0,0
BRDA:12,6,1,0
BRDA:13,7,0,0
BRDA:13,7,1,0
BRDA:16,8,0,0
BRDA:16,8,1,0
BRDA:18,9,0,0
BRDA:18,9,1,0
BRDA:18,10,0,0
BRDA:18,10,1,0
BRDA:18,10,2,0
BRDA:18,11,0,0
BRDA:18,11,1,0
BRDA:18,12,0,0
BRDA:18,12,1,0
BRDA:18,13,0,0
BRDA:18,13,1,0
BRDA:18,14,0,0
BRDA:18,14,1,0
BRDA:19,15,0,0
BRDA:19,15,1,0
BRDA:20,16,0,0
BRDA:20,16,1,0
BRDA:20,16,2,0
BRDA:20,16,3,0
BRDA:20,16,4,0
BRDA:20,16,5,0
BRDA:26,17,0,0
BRDA:26,17,1,0
BRDA:26,18,0,0
BRDA:26,18,1,0
BRDA:26,18,2,0
BRDA:26,19,0,0
BRDA:26,19,1,0
BRDA:27,20,0,0
BRDA:27,20,1,0
BRDA:27,21,0,0
BRDA:27,21,1,0
BRDA:27,21,2,0
BRDA:27,21,3,0
BRDA:28,22,0,0
BRDA:28,22,1,0
BRDA:28,23,0,0
BRDA:28,23,1,0
BRDA:29,24,0,0
BRDA:29,24,1,0
BRDA:29,25,0,0
BRDA:29,25,1,0
BRDA:30,26,0,0
BRDA:30,26,1,0
BRDA:35,27,0,0
BRDA:35,27,1,0
BRDA:35,28,0,0
BRDA:35,28,1,0
BRDA:38,29,0,1
BRDA:38,29,1,1
BRDA:38,29,2,1
BRDA:39,30,0,2
BRDA:39,30,1,3
BRDA:39,31,0,5
BRDA:39,31,1,5
BRDA:57,32,0,1
BRDA:57,32,1,1
BRDA:65,33,0,0
BRDA:65,33,1,0
BRDA:65,33,2,0
BRDA:65,33,3,0
BRDA:65,33,4,0
BRDA:65,33,5,0
BRDA:86,34,0,0
BRDA:86,34,1,0
BRDA:108,35,0,0
BRDA:108,35,1,0
BRDA:108,35,2,0
BRDA:108,35,3,0
BRDA:108,35,4,0
BRDA:108,35,5,0
BRDA:115,36,0,0
BRDA:115,36,1,0
BRDA:135,37,0,0
BRDA:135,37,1,0
BRDA:135,37,2,0
BRDA:135,37,3,0
BRDA:135,37,4,0
BRDA:135,37,5,0
BRDA:135,37,6,0
BRDA:180,38,0,0
BRDA:180,38,1,0
BRDA:196,39,0,0
BRDA:196,39,1,0
BRDA:196,39,2,0
BRDA:196,39,3,0
BRDA:196,39,4,0
BRF:107
BRH:15
end_of_record
TN:
SF:compiled/cronjobs/duplicateTasksForAll.js
FN:2,(anonymous_0)
FN:3,adopt
FN:3,(anonymous_2)
FN:4,(anonymous_3)
FN:5,fulfilled
FN:6,rejected
FN:7,step
FN:11,(anonymous_7)
FN:12,(anonymous_8)
FN:13,(anonymous_9)
FN:14,verb
FN:14,(anonymous_11)
FN:15,step
FN:38,(anonymous_13)
FN:48,repeatTasksForAll
FN:49,(anonymous_15)
FN:52,(anonymous_16)
FN:59,(anonymous_17)
FN:59,(anonymous_18)
FN:63,(anonymous_19)
FN:70,(anonymous_20)
FN:78,(anonymous_21)
FN:78,(anonymous_22)
FN:79,(anonymous_23)
FN:106,getEveryonesUserCredentials
FN:107,(anonymous_25)
FN:109,(anonymous_26)
FN:130,getRules
FN:131,(anonymous_28)
FN:133,(anonymous_29)
FN:154,filterOutUnrepeatedTasks
FN:155,(anonymous_31)
FN:161,(anonymous_32)
FN:170,fetchTasks
FN:171,(anonymous_34)
FN:173,(anonymous_35)
FN:214,getRepeatedTasks
FN:215,(anonymous_37)
FN:217,(anonymous_38)
FN:226,findAllCurrentRepeats
FN:239,createMissing
FN:240,(anonymous_41)
FN:242,(anonymous_42)
FNF:43
FNH:15
FNDA:2,(anonymous_0)
FNDA:2,adopt
FNDA:0,(anonymous_2)
FNDA:2,(anonymous_3)
FNDA:0,fulfilled
FNDA:0,rejected
FNDA:2,step
FNDA:2,(anonymous_7)
FNDA:0,(anonymous_8)
FNDA:0,(anonymous_9)
FNDA:6,verb
FNDA:2,(anonymous_11)
FNDA:2,step
FNDA:2,(anonymous_13)
FNDA:1,repeatTasksForAll
FNDA:1,(anonymous_15)
FNDA:1,(anonymous_16)
FNDA:0,(anonymous_17)
FNDA:0,(anonymous_18)
FNDA:0,(anonymous_19)
FNDA:0,(anonymous_20)
FNDA:0,(anonymous_21)
FNDA:0,(anonymous_22)
FNDA:0,(anonymous_23)
FNDA:1,getEveryonesUserCredentials
FNDA:1,(anonymous_25)
FNDA:1,(anonymous_26)
FNDA:0,getRules
FNDA:0,(anonymous_28)
FNDA:0,(anonymous_29)
FNDA:0,filterOutUnrepeatedTasks
FNDA:0,(anonymous_31)
FNDA:0,(anonymous_32)
FNDA:0,fetchTasks
FNDA:0,(anonymous_34)
FNDA:0,(anonymous_35)
FNDA:0,getRepeatedTasks
FNDA:0,(anonymous_37)
FNDA:0,(anonymous_38)
FNDA:0,findAllCurrentRepeats
FNDA:0,createMissing
FNDA:0,(anonymous_41)
FNDA:0,(anonymous_42)
DA:2,1
DA:3,2
DA:4,2
DA:5,0
DA:6,0
DA:7,2
DA:8,2
DA:11,1
DA:12,2
DA:13,2
DA:14,6
DA:16,2
DA:17,4
DA:18,4
DA:19,4
DA:20,4
DA:21,2
DA:22,2
DA:23,0
DA:24,0
DA:26,0
DA:27,0
DA:28,0
DA:29,0
DA:30,0
DA:31,0
DA:33,2
DA:34,4
DA:35,0
DA:38,1
DA:39,2
DA:41,1
DA:42,1
DA:43,1
DA:44,1
DA:45,1
DA:46,1
DA:49,1
DA:51,1
DA:52,1
DA:53,1
DA:55,1
DA:56,1
DA:58,0
DA:59,0
DA:62,0
DA:63,0
DA:64,0
DA:66,0
DA:67,0
DA:69,0
DA:70,0
DA:71,0
DA:72,0
DA:74,0
DA:75,0
DA:77,0
DA:78,0
DA:79,0
DA:80,0
DA:81,0
DA:82,0
DA:86,0
DA:88,0
DA:89,0
DA:90,0
DA:94,0
DA:96,0
DA:97,0
DA:98,0
DA:103,1
DA:107,1
DA:109,1
DA:110,1
DA:112,1
DA:113,1
DA:115,1
DA:116,1
DA:118,0
DA:119,0
DA:121,0
DA:122,0
DA:123,0
DA:131,0
DA:133,0
DA:134,0
DA:136,0
DA:137,0
DA:139,0
DA:140,0
DA:142,0
DA:143,0
DA:145,0
DA:146,0
DA:147,0
DA:155,0
DA:156,0
DA:157,0
DA:159,0
DA:160,0
DA:161,0
DA:162,0
DA:163,0
DA:165,0
DA:171,0
DA:173,0
DA:174,0
DA:176,0
DA:177,0
DA:184,0
DA:186,0
DA:187,0
DA:195,0
DA:196,0
DA:198,0
DA:199,0
DA:200,0
DA:201,0
DA:203,0
DA:205,0
DA:206,0
DA:207,0
DA:215,0
DA:217,0
DA:218,0
DA:219,0
DA:220,0
DA:240,0
DA:242,0
DA:243,0
DA:245,0
DA:246,0
DA:247,0
DA:253,0
DA:255,0
DA:256,0
DA:265,0
DA:266,0
DA:267,0
DA:269,0
DA:270,0
DA:271,0
DA:273,0
DA:274,0
DA:275,0
LF:145
LH:40
BRDA:2,0,0,1
BRDA:2,0,1,1
BRDA:2,0,2,1
BRDA:3,1,0,2
BRDA:3,1,1,0
BRDA:4,2,0,2
BRDA:4,2,1,2
BRDA:7,3,0,0
BRDA:7,3,1,2
BRDA:8,4,0,2
BRDA:8,4,1,2
BRDA:11,5,0,1
BRDA:11,5,1,1
BRDA:11,5,2,1
BRDA:12,6,0,0
BRDA:12,6,1,0
BRDA:13,7,0,2
BRDA:13,7,1,2
BRDA:16,8,0,0
BRDA:16,8,1,2
BRDA:18,9,0,0
BRDA:18,9,1,4
BRDA:18,10,0,4
BRDA:18,10,1,0
BRDA:18,10,2,0
BRDA:18,11,0,0
BRDA:18,11,1,0
BRDA:18,12,0,0
BRDA:18,12,1,0
BRDA:18,13,0,0
BRDA:18,13,1,0
BRDA:18,14,0,0
BRDA:18,14,1,0
BRDA:19,15,0,0
BRDA:19,15,1,4
BRDA:20,16,0,2
BRDA:20,16,1,2
BRDA:20,16,2,2
BRDA:20,16,3,0
BRDA:20,16,4,0
BRDA:20,16,5,0
BRDA:26,17,0,0
BRDA:26,17,1,0
BRDA:26,18,0,0
BRDA:26,18,1,0
BRDA:26,18,2,0
BRDA:26,19,0,0
BRDA:26,19,1,0
BRDA:27,20,0,0
BRDA:27,20,1,0
BRDA:27,21,0,0
BRDA:27,21,1,0
BRDA:27,21,2,0
BRDA:27,21,3,0
BRDA:28,22,0,0
BRDA:28,22,1,0
BRDA:28,23,0,0
BRDA:28,23,1,0
BRDA:29,24,0,0
BRDA:29,24,1,0
BRDA:29,25,0,0
BRDA:29,25,1,0
BRDA:30,26,0,0
BRDA:30,26,1,0
BRDA:35,27,0,0
BRDA:35,27,1,0
BRDA:35,28,0,0
BRDA:35,28,1,0
BRDA:38,29,0,1
BRDA:38,29,1,1
BRDA:38,29,2,1
BRDA:39,30,0,1
BRDA:39,30,1,1
BRDA:39,31,0,2
BRDA:39,31,1,2
BRDA:53,32,0,1
BRDA:53,32,1,0
BRDA:53,32,2,0
BRDA:53,32,3,0
BRDA:64,33,0,0
BRDA:64,33,1,0
BRDA:64,33,2,0
BRDA:64,33,3,0
BRDA:80,34,0,0
BRDA:80,34,1,0
BRDA:110,35,0,1
BRDA:110,35,1,1
BRDA:110,35,2,0
BRDA:110,35,3,0
BRDA:110,35,4,0
BRDA:134,36,0,0
BRDA:134,36,1,0
BRDA:134,36,2,0
BRDA:134,36,3,0
BRDA:134,36,4,0
BRDA:156,37,0,0
BRDA:156,37,1,0
BRDA:174,38,0,0
BRDA:174,38,1,0
BRDA:174,38,2,0
BRDA:174,38,3,0
BRDA:174,38,4,0
BRDA:174,38,5,0
BRDA:176,39,0,0
BRDA:176,39,1,0
BRDA:199,40,0,0
BRDA:199,40,1,0
BRDA:243,41,0,0
BRDA:243,41,1,0
BRDA:243,41,2,0
BRDA:243,41,3,0
BRDA:243,41,4,0
BRDA:266,42,0,0
BRDA:266,42,1,0
BRF:114
BRH:31
end_of_record
TN:
SF:compiled/shared/EGrantTypes.js
FN:4,(anonymous_0)
FNF:1
FNH:1
FNDA:1,(anonymous_0)
DA:2,1
DA:4,1
DA:5,1
DA:6,1
DA:8,1
LF:5
LH:5
BRDA:7,0,0,1
BRDA:7,0,1,1
BRF:2
BRH:2
end_of_record
TN:
SF:compiled/shared/database.js
FN:2,(anonymous_0)
FNF:1
FNH:1
FNDA:2,(anonymous_0)
DA:2,1
DA:3,2
DA:5,1
DA:6,1
DA:7,1
DA:8,1
DA:9,1
DA:10,1
DA:11,1
DA:14,1
LF:10
LH:10
BRDA:2,0,0,1
BRDA:2,0,1,1
BRDA:2,0,2,1
BRDA:3,1,0,0
BRDA:3,1,1,2
BRDA:3,2,0,2
BRDA:3,2,1,2
BRF:7
BRH:6
end_of_record
TN:
SF:compiled/shared/envVariablesTyped.js
FN:2,(anonymous_0)
FN:15,(anonymous_1)
FN:23,(anonymous_2)
FNF:3
FNH:3
FNDA:2,(anonymous_0)
FNDA:19,(anonymous_1)
FNDA:12,(anonymous_2)
DA:2,1
DA:3,2
DA:5,1
DA:6,1
DA:7,1
DA:8,1
DA:9,1
DA:12,1
DA:13,1
DA:15,1
DA:16,19
DA:17,7
DA:19,12
DA:22,1
DA:23,1
DA:24,12
DA:25,12
DA:26,12
DA:30,1
DA:31,1
DA:32,0
DA:34,1
LF:22
LH:21
BRDA:2,0,0,1
BRDA:2,0,1,1
BRDA:2,0,2,1
BRDA:3,1,0,0
BRDA:3,1,1,2
BRDA:3,2,0,2
BRDA:3,2,1,2
BRDA:16,3,0,7
BRDA:16,3,1,12
BRDA:16,4,0,19
BRDA:16,4,1,16
BRDA:31,5,0,0
BRDA:31,5,1,1
BRF:13
BRH:11
end_of_record
TN:
SF:compiled/shared/globals.js
FNF:0
FNH:0
DA:2,1
DA:3,1
DA:4,1
LF:3
LH:3
BRF:0
BRH:0
end_of_record
TN:
SF:src/authTokenHandling/TokenHandler.ts
FN:20,(anonymous_14)
FN:28,accessTokenIsValid
FN:55,(anonymous_18)
FN:57,TokenHandler
FN:59,(anonymous_20)
FN:75,(anonymous_23)
FN:112,(anonymous_26)
FN:122,(anonymous_29)
FN:127,(anonymous_32)
FNF:9
FNH:2
FNDA:1,(anonymous_14)
FNDA:0,accessTokenIsValid
FNDA:1,(anonymous_18)
FNDA:0,TokenHandler
FNDA:0,(anonymous_20)
FNDA:0,(anonymous_23)
FNDA:0,(anonymous_26)
FNDA:0,(anonymous_29)
FNDA:0,(anonymous_32)
DA:1,1
DA:2,1
DA:3,1
DA:5,1
DA:7,1
DA:9,1
DA:10,1
DA:11,1
DA:13,1
DA:16,4
DA:18,1
DA:20,1
DA:21,1
DA:22,1
DA:29,0
DA:31,0
DA:42,0
DA:43,0
DA:45,0
DA:46,0
DA:49,0
DA:51,0
DA:55,1
DA:57,0
DA:59,1
DA:60,0
DA:61,0
DA:63,0
DA:64,0
DA:65,0
DA:66,0
DA:69,0
DA:75,1
DA:77,0
DA:79,0
DA:81,0
DA:92,0
DA:102,0
DA:103,0
DA:105,0
DA:106,0
DA:108,0
DA:112,1
DA:113,0
DA:115,0
DA:117,0
DA:119,0
DA:122,1
DA:123,0
DA:126,0
DA:127,0
DA:129,0
DA:130,0
DA:132,0
DA:135,1
LF:55
LH:20
BRDA:20,0,0,1
BRDA:20,0,1,1
BRDA:45,1,0,0
BRDA:45,1,1,0
BRDA:60,2,0,0
BRDA:60,2,1,0
BRDA:63,3,0,0
BRDA:63,3,1,0
BRDA:77,4,0,0
BRF:9
BRH:2
end_of_record
TN:
SF:src/cronjobs/duplicateTasksForAll.ts
FN:37,repeatTasksForAll
FN:42,(anonymous_19)
FN:42,(anonymous_20)
FN:52,(anonymous_22)
FN:78,getEveryonesUserCredentials
FN:91,getRules
FN:104,filterOutUnrepeatedTasks
FN:108,(anonymous_32)
FN:114,(anonymous_33)
FN:137,fetchTasks
FN:169,getRepeatedTasks
FN:181,findAllCurrentRepeats
FN:201,createMissing
FNF:13
FNH:5
FNDA:1,repeatTasksForAll
FNDA:1,(anonymous_19)
FNDA:1,(anonymous_20)
FNDA:0,(anonymous_22)
FNDA:1,getEveryonesUserCredentials
FNDA:1,getRules
FNDA:0,filterOutUnrepeatedTasks
FNDA:0,(anonymous_32)
FNDA:0,(anonymous_33)
FNDA:0,fetchTasks
FNDA:0,getRepeatedTasks
FNDA:0,findAllCurrentRepeats
FNDA:0,createMissing
DA:1,1
DA:2,1
DA:3,1
DA:8,1
DA:37,1
DA:39,1
DA:41,1
DA:42,1
DA:43,1
DA:46,1
DA:52,0
DA:53,0
DA:54,0
DA:56,0
DA:60,0
DA:66,0
DA:69,0
DA:72,0
DA:79,1
DA:82,1
DA:83,1
DA:85,0
DA:92,1
DA:95,1
DA:96,0
DA:98,0
DA:105,0
DA:108,0
DA:109,0
DA:111,0
DA:112,0
DA:114,0
DA:116,0
DA:117,0
DA:119,0
DA:121,0
DA:127,0
DA:131,0
DA:139,0
DA:141,0
DA:150,0
DA:158,0
DA:160,0
DA:161,0
DA:163,0
DA:173,0
DA:174,0
DA:176,0
DA:204,0
DA:207,0
DA:209,0
DA:217,0
DA:226,0
DA:228,0
DA:229,0
DA:230,0
DA:232,0
LF:57
LH:15
BRDA:109,0,0,0
BRDA:109,0,1,0
BRDA:116,1,0,0
BRDA:116,1,1,0
BRDA:139,2,0,0
BRDA:139,2,1,0
BRDA:226,3,0,0
BRDA:226,3,1,0
BRF:8
BRH:0
end_of_record
TN:
SF:src/shared/EGrantTypes.ts
FN:1,(anonymous_0)
FNF:1
FNH:1
FNDA:1,(anonymous_0)
DA:1,1
DA:2,1
DA:3,1
DA:6,1
LF:4
LH:4
BRDA:1,0,0,1
BRDA:1,0,1,1
BRF:2
BRH:2
end_of_record
TN:
SF:src/shared/database.ts
FNF:0
FNH:0
DA:1,1
DA:2,1
DA:4,1
DA:7,1
DA:8,1
DA:10,1
DA:14,1
LF:7
LH:7
BRF:0
BRH:0
end_of_record
TN:
SF:src/shared/envVariablesTyped.ts
FN:13,(anonymous_1)
FN:23,(anonymous_2)
FNF:2
FNH:2
FNDA:19,(anonymous_1)
FNDA:12,(anonymous_2)
DA:1,1
DA:2,1
DA:4,1
DA:5,1
DA:9,1
DA:10,1
DA:13,1
DA:14,19
DA:15,7
DA:18,12
DA:22,1
DA:23,1
DA:24,12
DA:25,24
DA:26,12
DA:32,1
DA:33,1
DA:34,0
DA:37,1
LF:19
LH:18
BRDA:14,0,0,7
BRDA:14,0,1,12
BRDA:14,1,0,19
BRDA:14,1,1,16
BRDA:33,2,0,0
BRDA:33,2,1,1
BRF:6
BRH:5
end_of_record
TN:
SF:src/shared/globals.ts
FNF:0
FNH:0
DA:1,1
LF:1
LH:1
BRF:0
BRH:0
end_of_record
